#-----------------------------------------------------------
# Vivado v2016.1 (64-bit)
# SW Build 1538259 on Fri Apr  8 15:45:27 MDT 2016
# IP Build 1537824 on Fri Apr  8 04:28:57 MDT 2016
# Start of session at: Tue Oct 03 10:47:02 2023
# Process ID: 41924
# Current directory: C:/Users/hafer/Desktop/VHDL/mc8051_basys3/hw/generate/artix7_xc7a35tcpg263_1/prescaler/managed_ip_project
# Command line: vivado.exe -gui_launcher_event rodinguilauncherevent32540 C:\Users\hafer\Desktop\VHDL\mc8051_basys3\hw\generate\artix7_xc7a35tcpg263_1\prescaler\managed_ip_project\managed_ip_project.xpr
# Log file: C:/Users/hafer/Desktop/VHDL/mc8051_basys3/hw/generate/artix7_xc7a35tcpg263_1/prescaler/managed_ip_project/vivado.log
# Journal file: C:/Users/hafer/Desktop/VHDL/mc8051_basys3/hw/generate/artix7_xc7a35tcpg263_1/prescaler/managed_ip_project\vivado.jou
#-----------------------------------------------------------
start_gui
open_project C:/Users/hafer/Desktop/VHDL/mc8051_basys3/hw/generate/artix7_xc7a35tcpg263_1/prescaler/managed_ip_project/managed_ip_project.xpr
INFO: [ProjectBase 1-489] The host OS only allows 260 characters in a normal path. The project is stored in a path with more than 80 characters. If you experience issues with IP, Block Designs, or files not being found, please consider moving the project to a location with a shorter path. Alternately consider using the OS subst command to map part of the path to a drive letter.
Current project path is 'C:/Users/hafer/Desktop/VHDL/mc8051_basys3/hw/generate/artix7_xc7a35tcpg263_1/prescaler/managed_ip_project'
Scanning sources...
Finished scanning sources
INFO: [IP_Flow 19-234] Refreshing IP repositories
INFO: [IP_Flow 19-1704] No user IP repositories specified
INFO: [IP_Flow 19-2313] Loaded Vivado IP repository 'C:/Xilinx/Vivado/2016.1/data/ip'.
INFO: [xilinx.com:ip:clk_wiz:5.3-1] prescaler: divN_0 33 phase_0 0.000 dutyCycle_0 0.500 
INFO: [xilinx.com:ip:clk_wiz:5.3-9] prescaler: value_5 0x00c0
INFO: [xilinx.com:ip:clk_wiz:5.3-111] prescaler: value_0 1411 0080 0080
INFO: [xilinx.com:ip:clk_wiz:5.3-222] prescaler: value_0 0x0080
INFO: [xilinx.com:ip:clk_wiz:5.3-333] prescaler: value 00c0
INFO: [xilinx.com:ip:clk_wiz:5.3-1] prescaler: divN_0 33 phase_0 0.000 dutyCycle_0 0.500 
INFO: [xilinx.com:ip:clk_wiz:5.3-9] prescaler: value_5 0x00c0
INFO: [xilinx.com:ip:clk_wiz:5.3-111] prescaler: value_0 1411 0080 0080
INFO: [xilinx.com:ip:clk_wiz:5.3-222] prescaler: value_0 0x0080
INFO: [xilinx.com:ip:clk_wiz:5.3-333] prescaler: value 00c0
set_property -dict [list CONFIG.CLKOUT1_REQUESTED_OUT_FREQ {25.000} CONFIG.MMCM_DIVCLK_DIVIDE {4} CONFIG.MMCM_CLKFBOUT_MULT_F {33} CONFIG.MMCM_CLKOUT0_DIVIDE_F {33} CONFIG.CLKOUT1_JITTER {352.369} CONFIG.CLKOUT1_PHASE_ERROR {261.747}] [get_ips prescaler]
INFO: [xilinx.com:ip:clk_wiz:5.3-1] prescaler: divN_0 33 phase_0 0.000 dutyCycle_0 0.500 
INFO: [xilinx.com:ip:clk_wiz:5.3-9] prescaler: value_5 0x00c0
INFO: [xilinx.com:ip:clk_wiz:5.3-111] prescaler: value_0 1411 0080 0080
INFO: [xilinx.com:ip:clk_wiz:5.3-222] prescaler: value_0 0x0080
INFO: [xilinx.com:ip:clk_wiz:5.3-333] prescaler: value 00c0
generate_target all [get_files  C:/Users/hafer/Desktop/VHDL/mc8051_basys3/hw/generate/artix7_xc7a35tcpg263_1/prescaler/prescaler/prescaler.xci]
INFO: [IP_Flow 19-1686] Generating 'Instantiation Template' target for IP 'prescaler'...
INFO: [IP_Flow 19-1686] Generating 'Synthesis' target for IP 'prescaler'...
INFO: [IP_Flow 19-1686] Generating 'Simulation' target for IP 'prescaler'...
INFO: [IP_Flow 19-1686] Generating 'Implementation' target for IP 'prescaler'...
INFO: [IP_Flow 19-1686] Generating 'Change Log' target for IP 'prescaler'...
export_ip_user_files -of_objects [get_files C:/Users/hafer/Desktop/VHDL/mc8051_basys3/hw/generate/artix7_xc7a35tcpg263_1/prescaler/prescaler/prescaler.xci] -no_script -force -quiet
reset_run prescaler_synth_1
launch_run -jobs 12 prescaler_synth_1
[Tue Oct 03 10:48:11 2023] Launched prescaler_synth_1...
Run output will be captured here: C:/Users/hafer/Desktop/VHDL/mc8051_basys3/hw/generate/artix7_xc7a35tcpg263_1/prescaler/managed_ip_project/managed_ip_project.runs/prescaler_synth_1/runme.log
export_simulation -of_objects [get_files C:/Users/hafer/Desktop/VHDL/mc8051_basys3/hw/generate/artix7_xc7a35tcpg263_1/prescaler/prescaler/prescaler.xci] -directory C:/Users/hafer/Desktop/VHDL/mc8051_basys3/hw/generate/artix7_xc7a35tcpg263_1/prescaler/ip_user_files/sim_scripts -ip_user_files_dir C:/Users/hafer/Desktop/VHDL/mc8051_basys3/hw/generate/artix7_xc7a35tcpg263_1/prescaler/ip_user_files -ipstatic_source_dir C:/Users/hafer/Desktop/VHDL/mc8051_basys3/hw/generate/artix7_xc7a35tcpg263_1/prescaler/ip_user_files/ipstatic -force -quiet
exit
INFO: [Common 17-206] Exiting Vivado at Tue Oct 03 10:48:47 2023...
