                                      1 ;--------------------------------------------------------
                                      2 ; File Created by SDCC : free open source ANSI-C Compiler
                                      3 ; Version 3.6.0 #9615 (MINGW64)
                                      4 ;--------------------------------------------------------
                                      5 	.module main
                                      6 	.optsdcc -mmcs51 --model-small
                                      7 	
                                      8 ;--------------------------------------------------------
                                      9 ; Public variables in this module
                                     10 ;--------------------------------------------------------
                                     11 	.globl _main
                                     12 	.globl _delay
                                     13 	.globl _TF2
                                     14 	.globl _EXF2
                                     15 	.globl _RCLK
                                     16 	.globl _TCLK
                                     17 	.globl _EXEN2
                                     18 	.globl _TR2
                                     19 	.globl _C_T2
                                     20 	.globl _CP_RL2
                                     21 	.globl _T2CON_7
                                     22 	.globl _T2CON_6
                                     23 	.globl _T2CON_5
                                     24 	.globl _T2CON_4
                                     25 	.globl _T2CON_3
                                     26 	.globl _T2CON_2
                                     27 	.globl _T2CON_1
                                     28 	.globl _T2CON_0
                                     29 	.globl _PT2
                                     30 	.globl _ET2
                                     31 	.globl _CY
                                     32 	.globl _AC
                                     33 	.globl _F0
                                     34 	.globl _RS1
                                     35 	.globl _RS0
                                     36 	.globl _OV
                                     37 	.globl _F1
                                     38 	.globl _P
                                     39 	.globl _PS
                                     40 	.globl _PT1
                                     41 	.globl _PX1
                                     42 	.globl _PT0
                                     43 	.globl _PX0
                                     44 	.globl _RD
                                     45 	.globl _WR
                                     46 	.globl _T1
                                     47 	.globl _T0
                                     48 	.globl _INT1
                                     49 	.globl _INT0
                                     50 	.globl _TXD
                                     51 	.globl _RXD
                                     52 	.globl _P3_7
                                     53 	.globl _P3_6
                                     54 	.globl _P3_5
                                     55 	.globl _P3_4
                                     56 	.globl _P3_3
                                     57 	.globl _P3_2
                                     58 	.globl _P3_1
                                     59 	.globl _P3_0
                                     60 	.globl _EA
                                     61 	.globl _ES
                                     62 	.globl _ET1
                                     63 	.globl _EX1
                                     64 	.globl _ET0
                                     65 	.globl _EX0
                                     66 	.globl _P2_7
                                     67 	.globl _P2_6
                                     68 	.globl _P2_5
                                     69 	.globl _P2_4
                                     70 	.globl _P2_3
                                     71 	.globl _P2_2
                                     72 	.globl _P2_1
                                     73 	.globl _P2_0
                                     74 	.globl _SM0
                                     75 	.globl _SM1
                                     76 	.globl _SM2
                                     77 	.globl _REN
                                     78 	.globl _TB8
                                     79 	.globl _RB8
                                     80 	.globl _TI
                                     81 	.globl _RI
                                     82 	.globl _P1_7
                                     83 	.globl _P1_6
                                     84 	.globl _P1_5
                                     85 	.globl _P1_4
                                     86 	.globl _P1_3
                                     87 	.globl _P1_2
                                     88 	.globl _P1_1
                                     89 	.globl _P1_0
                                     90 	.globl _TF1
                                     91 	.globl _TR1
                                     92 	.globl _TF0
                                     93 	.globl _TR0
                                     94 	.globl _IE1
                                     95 	.globl _IT1
                                     96 	.globl _IE0
                                     97 	.globl _IT0
                                     98 	.globl _P0_7
                                     99 	.globl _P0_6
                                    100 	.globl _P0_5
                                    101 	.globl _P0_4
                                    102 	.globl _P0_3
                                    103 	.globl _P0_2
                                    104 	.globl _P0_1
                                    105 	.globl _P0_0
                                    106 	.globl _TH2
                                    107 	.globl _TL2
                                    108 	.globl _RCAP2H
                                    109 	.globl _RCAP2L
                                    110 	.globl _T2CON
                                    111 	.globl _B
                                    112 	.globl _ACC
                                    113 	.globl _PSW
                                    114 	.globl _IP
                                    115 	.globl _P3
                                    116 	.globl _IE
                                    117 	.globl _P2
                                    118 	.globl _SBUF
                                    119 	.globl _SCON
                                    120 	.globl _P1
                                    121 	.globl _TH1
                                    122 	.globl _TH0
                                    123 	.globl _TL1
                                    124 	.globl _TL0
                                    125 	.globl _TMOD
                                    126 	.globl _TCON
                                    127 	.globl _PCON
                                    128 	.globl _DPH
                                    129 	.globl _DPL
                                    130 	.globl _SP
                                    131 	.globl _P0
                                    132 ;--------------------------------------------------------
                                    133 ; special function registers
                                    134 ;--------------------------------------------------------
                                    135 	.area RSEG    (ABS,DATA)
      000000                        136 	.org 0x0000
                           000080   137 _P0	=	0x0080
                           000081   138 _SP	=	0x0081
                           000082   139 _DPL	=	0x0082
                           000083   140 _DPH	=	0x0083
                           000087   141 _PCON	=	0x0087
                           000088   142 _TCON	=	0x0088
                           000089   143 _TMOD	=	0x0089
                           00008A   144 _TL0	=	0x008a
                           00008B   145 _TL1	=	0x008b
                           00008C   146 _TH0	=	0x008c
                           00008D   147 _TH1	=	0x008d
                           000090   148 _P1	=	0x0090
                           000098   149 _SCON	=	0x0098
                           000099   150 _SBUF	=	0x0099
                           0000A0   151 _P2	=	0x00a0
                           0000A8   152 _IE	=	0x00a8
                           0000B0   153 _P3	=	0x00b0
                           0000B8   154 _IP	=	0x00b8
                           0000D0   155 _PSW	=	0x00d0
                           0000E0   156 _ACC	=	0x00e0
                           0000F0   157 _B	=	0x00f0
                           0000C8   158 _T2CON	=	0x00c8
                           0000CA   159 _RCAP2L	=	0x00ca
                           0000CB   160 _RCAP2H	=	0x00cb
                           0000CC   161 _TL2	=	0x00cc
                           0000CD   162 _TH2	=	0x00cd
                                    163 ;--------------------------------------------------------
                                    164 ; special function bits
                                    165 ;--------------------------------------------------------
                                    166 	.area RSEG    (ABS,DATA)
      000000                        167 	.org 0x0000
                           000080   168 _P0_0	=	0x0080
                           000081   169 _P0_1	=	0x0081
                           000082   170 _P0_2	=	0x0082
                           000083   171 _P0_3	=	0x0083
                           000084   172 _P0_4	=	0x0084
                           000085   173 _P0_5	=	0x0085
                           000086   174 _P0_6	=	0x0086
                           000087   175 _P0_7	=	0x0087
                           000088   176 _IT0	=	0x0088
                           000089   177 _IE0	=	0x0089
                           00008A   178 _IT1	=	0x008a
                           00008B   179 _IE1	=	0x008b
                           00008C   180 _TR0	=	0x008c
                           00008D   181 _TF0	=	0x008d
                           00008E   182 _TR1	=	0x008e
                           00008F   183 _TF1	=	0x008f
                           000090   184 _P1_0	=	0x0090
                           000091   185 _P1_1	=	0x0091
                           000092   186 _P1_2	=	0x0092
                           000093   187 _P1_3	=	0x0093
                           000094   188 _P1_4	=	0x0094
                           000095   189 _P1_5	=	0x0095
                           000096   190 _P1_6	=	0x0096
                           000097   191 _P1_7	=	0x0097
                           000098   192 _RI	=	0x0098
                           000099   193 _TI	=	0x0099
                           00009A   194 _RB8	=	0x009a
                           00009B   195 _TB8	=	0x009b
                           00009C   196 _REN	=	0x009c
                           00009D   197 _SM2	=	0x009d
                           00009E   198 _SM1	=	0x009e
                           00009F   199 _SM0	=	0x009f
                           0000A0   200 _P2_0	=	0x00a0
                           0000A1   201 _P2_1	=	0x00a1
                           0000A2   202 _P2_2	=	0x00a2
                           0000A3   203 _P2_3	=	0x00a3
                           0000A4   204 _P2_4	=	0x00a4
                           0000A5   205 _P2_5	=	0x00a5
                           0000A6   206 _P2_6	=	0x00a6
                           0000A7   207 _P2_7	=	0x00a7
                           0000A8   208 _EX0	=	0x00a8
                           0000A9   209 _ET0	=	0x00a9
                           0000AA   210 _EX1	=	0x00aa
                           0000AB   211 _ET1	=	0x00ab
                           0000AC   212 _ES	=	0x00ac
                           0000AF   213 _EA	=	0x00af
                           0000B0   214 _P3_0	=	0x00b0
                           0000B1   215 _P3_1	=	0x00b1
                           0000B2   216 _P3_2	=	0x00b2
                           0000B3   217 _P3_3	=	0x00b3
                           0000B4   218 _P3_4	=	0x00b4
                           0000B5   219 _P3_5	=	0x00b5
                           0000B6   220 _P3_6	=	0x00b6
                           0000B7   221 _P3_7	=	0x00b7
                           0000B0   222 _RXD	=	0x00b0
                           0000B1   223 _TXD	=	0x00b1
                           0000B2   224 _INT0	=	0x00b2
                           0000B3   225 _INT1	=	0x00b3
                           0000B4   226 _T0	=	0x00b4
                           0000B5   227 _T1	=	0x00b5
                           0000B6   228 _WR	=	0x00b6
                           0000B7   229 _RD	=	0x00b7
                           0000B8   230 _PX0	=	0x00b8
                           0000B9   231 _PT0	=	0x00b9
                           0000BA   232 _PX1	=	0x00ba
                           0000BB   233 _PT1	=	0x00bb
                           0000BC   234 _PS	=	0x00bc
                           0000D0   235 _P	=	0x00d0
                           0000D1   236 _F1	=	0x00d1
                           0000D2   237 _OV	=	0x00d2
                           0000D3   238 _RS0	=	0x00d3
                           0000D4   239 _RS1	=	0x00d4
                           0000D5   240 _F0	=	0x00d5
                           0000D6   241 _AC	=	0x00d6
                           0000D7   242 _CY	=	0x00d7
                           0000AD   243 _ET2	=	0x00ad
                           0000BD   244 _PT2	=	0x00bd
                           0000C8   245 _T2CON_0	=	0x00c8
                           0000C9   246 _T2CON_1	=	0x00c9
                           0000CA   247 _T2CON_2	=	0x00ca
                           0000CB   248 _T2CON_3	=	0x00cb
                           0000CC   249 _T2CON_4	=	0x00cc
                           0000CD   250 _T2CON_5	=	0x00cd
                           0000CE   251 _T2CON_6	=	0x00ce
                           0000CF   252 _T2CON_7	=	0x00cf
                           0000C8   253 _CP_RL2	=	0x00c8
                           0000C9   254 _C_T2	=	0x00c9
                           0000CA   255 _TR2	=	0x00ca
                           0000CB   256 _EXEN2	=	0x00cb
                           0000CC   257 _TCLK	=	0x00cc
                           0000CD   258 _RCLK	=	0x00cd
                           0000CE   259 _EXF2	=	0x00ce
                           0000CF   260 _TF2	=	0x00cf
                                    261 ;--------------------------------------------------------
                                    262 ; overlayable register banks
                                    263 ;--------------------------------------------------------
                                    264 	.area REG_BANK_0	(REL,OVR,DATA)
      000000                        265 	.ds 8
                                    266 ;--------------------------------------------------------
                                    267 ; internal ram data
                                    268 ;--------------------------------------------------------
                                    269 	.area DSEG    (DATA)
      000000                        270 _main_i1_1_16:
      000000                        271 	.ds 2
                                    272 ;--------------------------------------------------------
                                    273 ; overlayable items in internal ram 
                                    274 ;--------------------------------------------------------
                                    275 	.area	OSEG    (OVR,DATA)
      000000                        276 _delay_j_1_14:
      000000                        277 	.ds 2
      000002                        278 _delay_k_1_14:
      000002                        279 	.ds 2
                                    280 ;--------------------------------------------------------
                                    281 ; Stack segment in internal ram 
                                    282 ;--------------------------------------------------------
                                    283 	.area	SSEG
      000000                        284 __start__stack:
      000000                        285 	.ds	1
                                    286 
                                    287 ;--------------------------------------------------------
                                    288 ; indirectly addressable internal ram data
                                    289 ;--------------------------------------------------------
                                    290 	.area ISEG    (DATA)
                                    291 ;--------------------------------------------------------
                                    292 ; absolute internal ram data
                                    293 ;--------------------------------------------------------
                                    294 	.area IABS    (ABS,DATA)
                                    295 	.area IABS    (ABS,DATA)
                                    296 ;--------------------------------------------------------
                                    297 ; bit data
                                    298 ;--------------------------------------------------------
                                    299 	.area BSEG    (BIT)
                                    300 ;--------------------------------------------------------
                                    301 ; paged external ram data
                                    302 ;--------------------------------------------------------
                                    303 	.area PSEG    (PAG,XDATA)
                                    304 ;--------------------------------------------------------
                                    305 ; external ram data
                                    306 ;--------------------------------------------------------
                                    307 	.area XSEG    (XDATA)
                                    308 ;--------------------------------------------------------
                                    309 ; absolute external ram data
                                    310 ;--------------------------------------------------------
                                    311 	.area XABS    (ABS,XDATA)
                                    312 ;--------------------------------------------------------
                                    313 ; external initialized ram data
                                    314 ;--------------------------------------------------------
                                    315 	.area XISEG   (XDATA)
                                    316 	.area HOME    (CODE)
                                    317 	.area GSINIT0 (CODE)
                                    318 	.area GSINIT1 (CODE)
                                    319 	.area GSINIT2 (CODE)
                                    320 	.area GSINIT3 (CODE)
                                    321 	.area GSINIT4 (CODE)
                                    322 	.area GSINIT5 (CODE)
                                    323 	.area GSINIT  (CODE)
                                    324 	.area GSFINAL (CODE)
                                    325 	.area CSEG    (CODE)
                                    326 ;--------------------------------------------------------
                                    327 ; interrupt vector 
                                    328 ;--------------------------------------------------------
                                    329 	.area HOME    (CODE)
      000000                        330 __interrupt_vect:
      000000 02r00r00         [24]  331 	ljmp	__sdcc_gsinit_startup
                                    332 ;--------------------------------------------------------
                                    333 ; global & static initialisations
                                    334 ;--------------------------------------------------------
                                    335 	.area HOME    (CODE)
                                    336 	.area GSINIT  (CODE)
                                    337 	.area GSFINAL (CODE)
                                    338 	.area GSINIT  (CODE)
                                    339 	.globl __sdcc_gsinit_startup
                                    340 	.globl __sdcc_program_startup
                                    341 	.globl __start__stack
                                    342 	.globl __mcs51_genXINIT
                                    343 	.globl __mcs51_genXRAMCLEAR
                                    344 	.globl __mcs51_genRAMCLEAR
                                    345 	.area GSFINAL (CODE)
      000000 02r00r03         [24]  346 	ljmp	__sdcc_program_startup
                                    347 ;--------------------------------------------------------
                                    348 ; Home
                                    349 ;--------------------------------------------------------
                                    350 	.area HOME    (CODE)
                                    351 	.area HOME    (CODE)
      000003                        352 __sdcc_program_startup:
      000003 02r00r3B         [24]  353 	ljmp	_main
                                    354 ;	return from main will return to caller
                                    355 ;--------------------------------------------------------
                                    356 ; code
                                    357 ;--------------------------------------------------------
                                    358 	.area CSEG    (CODE)
                                    359 ;------------------------------------------------------------
                                    360 ;Allocation info for local variables in function 'delay'
                                    361 ;------------------------------------------------------------
                                    362 ;j                         Allocated with name '_delay_j_1_14'
                                    363 ;k                         Allocated with name '_delay_k_1_14'
                                    364 ;------------------------------------------------------------
                                    365 ;	../../../sw/blink_led/src/main.c:8: void delay(){
                                    366 ;	-----------------------------------------
                                    367 ;	 function delay
                                    368 ;	-----------------------------------------
      000000                        369 _delay:
                           000007   370 	ar7 = 0x07
                           000006   371 	ar6 = 0x06
                           000005   372 	ar5 = 0x05
                           000004   373 	ar4 = 0x04
                           000003   374 	ar3 = 0x03
                           000002   375 	ar2 = 0x02
                           000001   376 	ar1 = 0x01
                           000000   377 	ar0 = 0x00
                                    378 ;	../../../sw/blink_led/src/main.c:10: for(j=0; j<100; j++)
      000000 E4               [12]  379 	clr	a
      000001 F5*00            [12]  380 	mov	_delay_j_1_14,a
      000003 F5*01            [12]  381 	mov	(_delay_j_1_14 + 1),a
      000005                        382 00107$:
      000005 C3               [12]  383 	clr	c
      000006 E5*00            [12]  384 	mov	a,_delay_j_1_14
      000008 94 64            [12]  385 	subb	a,#0x64
      00000A E5*01            [12]  386 	mov	a,(_delay_j_1_14 + 1)
      00000C 94 00            [12]  387 	subb	a,#0x00
      00000E 50 2A            [24]  388 	jnc	00109$
                                    389 ;	../../../sw/blink_led/src/main.c:11: for(k=0; k<1000; k++);
      000010 E4               [12]  390 	clr	a
      000011 F5*02            [12]  391 	mov	_delay_k_1_14,a
      000013 F5*03            [12]  392 	mov	(_delay_k_1_14 + 1),a
      000015                        393 00104$:
      000015 C3               [12]  394 	clr	c
      000016 E5*02            [12]  395 	mov	a,_delay_k_1_14
      000018 94 E8            [12]  396 	subb	a,#0xe8
      00001A E5*03            [12]  397 	mov	a,(_delay_k_1_14 + 1)
      00001C 94 03            [12]  398 	subb	a,#0x03
      00001E 50 0D            [24]  399 	jnc	00108$
      000020 74 01            [12]  400 	mov	a,#0x01
      000022 25*02            [12]  401 	add	a,_delay_k_1_14
      000024 F5*02            [12]  402 	mov	_delay_k_1_14,a
      000026 E4               [12]  403 	clr	a
      000027 35*03            [12]  404 	addc	a,(_delay_k_1_14 + 1)
      000029 F5*03            [12]  405 	mov	(_delay_k_1_14 + 1),a
      00002B 80 E8            [24]  406 	sjmp	00104$
      00002D                        407 00108$:
                                    408 ;	../../../sw/blink_led/src/main.c:10: for(j=0; j<100; j++)
      00002D 74 01            [12]  409 	mov	a,#0x01
      00002F 25*00            [12]  410 	add	a,_delay_j_1_14
      000031 F5*00            [12]  411 	mov	_delay_j_1_14,a
      000033 E4               [12]  412 	clr	a
      000034 35*01            [12]  413 	addc	a,(_delay_j_1_14 + 1)
      000036 F5*01            [12]  414 	mov	(_delay_j_1_14 + 1),a
      000038 80 CB            [24]  415 	sjmp	00107$
      00003A                        416 00109$:
      00003A 22               [24]  417 	ret
                                    418 ;------------------------------------------------------------
                                    419 ;Allocation info for local variables in function 'main'
                                    420 ;------------------------------------------------------------
                                    421 ;i1                        Allocated with name '_main_i1_1_16'
                                    422 ;------------------------------------------------------------
                                    423 ;	../../../sw/blink_led/src/main.c:14: void main(void)
                                    424 ;	-----------------------------------------
                                    425 ;	 function main
                                    426 ;	-----------------------------------------
      00003B                        427 _main:
                                    428 ;	../../../sw/blink_led/src/main.c:19: for (i1=0; i1<10; i1++)
      00003B E4               [12]  429 	clr	a
      00003C F5*00            [12]  430 	mov	_main_i1_1_16,a
      00003E F5*01            [12]  431 	mov	(_main_i1_1_16 + 1),a
      000040                        432 00106$:
      000040 C3               [12]  433 	clr	c
      000041 E5*00            [12]  434 	mov	a,_main_i1_1_16
      000043 94 0A            [12]  435 	subb	a,#0x0a
      000045 E5*01            [12]  436 	mov	a,(_main_i1_1_16 + 1)
      000047 94 00            [12]  437 	subb	a,#0x00
      000049 50 13            [24]  438 	jnc	00103$
                                    439 ;	../../../sw/blink_led/src/main.c:21: P2 = 0xFF; // set all eight P2 port pins to logic 1  
      00004B 75 A0 FF         [24]  440 	mov	_P2,#0xff
                                    441 ;	../../../sw/blink_led/src/main.c:22: P2 = 0x00; // set all eight P2 port pins to logic 0
      00004E 75 A0 00         [24]  442 	mov	_P2,#0x00
                                    443 ;	../../../sw/blink_led/src/main.c:19: for (i1=0; i1<10; i1++)
      000051 74 01            [12]  444 	mov	a,#0x01
      000053 25*00            [12]  445 	add	a,_main_i1_1_16
      000055 F5*00            [12]  446 	mov	_main_i1_1_16,a
      000057 E4               [12]  447 	clr	a
      000058 35*01            [12]  448 	addc	a,(_main_i1_1_16 + 1)
      00005A F5*01            [12]  449 	mov	(_main_i1_1_16 + 1),a
                                    450 ;	../../../sw/blink_led/src/main.c:41: while(1){
      00005C 80 E2            [24]  451 	sjmp	00106$
      00005E                        452 00103$:
                                    453 ;	../../../sw/blink_led/src/main.c:42: P2 = 0x01;
      00005E 75 A0 01         [24]  454 	mov	_P2,#0x01
                                    455 ;	../../../sw/blink_led/src/main.c:43: delay();
      000061 12r00r00         [24]  456 	lcall	_delay
                                    457 ;	../../../sw/blink_led/src/main.c:44: P2 = 0x02;
      000064 75 A0 02         [24]  458 	mov	_P2,#0x02
                                    459 ;	../../../sw/blink_led/src/main.c:45: delay();
      000067 12r00r00         [24]  460 	lcall	_delay
                                    461 ;	../../../sw/blink_led/src/main.c:46: P2 = 0x04;
      00006A 75 A0 04         [24]  462 	mov	_P2,#0x04
                                    463 ;	../../../sw/blink_led/src/main.c:47: delay();
      00006D 12r00r00         [24]  464 	lcall	_delay
                                    465 ;	../../../sw/blink_led/src/main.c:48: P2 = 0x08;
      000070 75 A0 08         [24]  466 	mov	_P2,#0x08
                                    467 ;	../../../sw/blink_led/src/main.c:49: delay();
      000073 12r00r00         [24]  468 	lcall	_delay
                                    469 ;	../../../sw/blink_led/src/main.c:50: P2 = 0x10;
      000076 75 A0 10         [24]  470 	mov	_P2,#0x10
                                    471 ;	../../../sw/blink_led/src/main.c:51: delay();
      000079 12r00r00         [24]  472 	lcall	_delay
                                    473 ;	../../../sw/blink_led/src/main.c:52: P2 = 0x20;
      00007C 75 A0 20         [24]  474 	mov	_P2,#0x20
                                    475 ;	../../../sw/blink_led/src/main.c:53: delay();
      00007F 12r00r00         [24]  476 	lcall	_delay
                                    477 ;	../../../sw/blink_led/src/main.c:54: P2 = 0x40;
      000082 75 A0 40         [24]  478 	mov	_P2,#0x40
                                    479 ;	../../../sw/blink_led/src/main.c:55: delay();
      000085 12r00r00         [24]  480 	lcall	_delay
                                    481 ;	../../../sw/blink_led/src/main.c:56: P2 = 0x80;
      000088 75 A0 80         [24]  482 	mov	_P2,#0x80
                                    483 ;	../../../sw/blink_led/src/main.c:57: delay();
      00008B 12r00r00         [24]  484 	lcall	_delay
      00008E 80 CE            [24]  485 	sjmp	00103$
                                    486 	.area CSEG    (CODE)
                                    487 	.area CONST   (CODE)
                                    488 	.area XINIT   (CODE)
                                    489 	.area CABS    (ABS,CODE)
