
*** Running vivado
    with args -log fpga_top_rtl_cfg.vds -m64 -mode batch -messageDb vivado.pb -notrace -source fpga_top_rtl_cfg.tcl


****** Vivado v2016.1 (64-bit)
  **** SW Build 1538259 on Fri Apr  8 15:45:27 MDT 2016
  **** IP Build 1537824 on Fri Apr  8 04:28:57 MDT 2016
    ** Copyright 1986-2016 Xilinx, Inc. All Rights Reserved.

source fpga_top_rtl_cfg.tcl -notrace
Command: synth_design -top fpga_top_rtl_cfg -part xc7a35tcpg236-1
Starting synth_design
Attempting to get a license for feature 'Synthesis' and/or device 'xc7a35t'
INFO: [Common 17-349] Got license for feature 'Synthesis' and/or device 'xc7a35t'
INFO: Launching helper process for spawning children vivado processes
INFO: Helper process launched with PID 21268 
---------------------------------------------------------------------------------
Starting RTL Elaboration : Time (s): cpu = 00:00:02 ; elapsed = 00:00:06 . Memory (MB): peak = 268.270 ; gain = 61.793
---------------------------------------------------------------------------------
INFO: [Synth 8-638] synthesizing module 'fpga_top_rtl_cfg' [C:/Users/hafer/Desktop/VHDL/mc8051_basys3/hw/hdl/fpga_top_rtl_cfg.vhd:6]
INFO: [Synth 8-3491] module 'prescaler' declared at 'C:/Users/hafer/Desktop/VHDL/mc8051_basys3/hw/impl/mc8051.runs/synth_1/.Xil/Vivado-4312-oager_laptop/realtime/prescaler_stub.vhdl:5' bound to instance 'i_prescaler' of component 'prescaler' [C:/Users/hafer/Desktop/VHDL/mc8051_basys3/hw/hdl/fpga_top_rtl.vhd:38]
INFO: [Synth 8-638] synthesizing module 'prescaler' [C:/Users/hafer/Desktop/VHDL/mc8051_basys3/hw/impl/mc8051.runs/synth_1/.Xil/Vivado-4312-oager_laptop/realtime/prescaler_stub.vhdl:15]
INFO: [Synth 8-3491] module 'mc8051_top' declared at 'C:/Users/hafer/Desktop/VHDL/mc8051_basys3/hw/hdl/mc8051/mc8051_top_.vhd:74' bound to instance 'i_mc8051_top' of component 'mc8051_top' [C:/Users/hafer/Desktop/VHDL/mc8051_basys3/hw/hdl/fpga_top_rtl.vhd:47]
INFO: [Synth 8-638] synthesizing module 'mc8051_top' [C:/Users/hafer/Desktop/VHDL/mc8051_basys3/hw/hdl/mc8051/mc8051_top_struc.vhd:67]
INFO: [Synth 8-3491] module 'mc8051_core' declared at 'C:/Users/hafer/Desktop/VHDL/mc8051_basys3/hw/hdl/mc8051/mc8051_core_.vhd:75' bound to instance 'i_mc8051_core' of component 'mc8051_core' [C:/Users/hafer/Desktop/VHDL/mc8051_basys3/hw/hdl/mc8051/mc8051_top_struc.vhd:93]
INFO: [Synth 8-638] synthesizing module 'mc8051_core' [C:/Users/hafer/Desktop/VHDL/mc8051_basys3/hw/hdl/mc8051/mc8051_core_struc.vhd:67]
INFO: [Synth 8-3491] module 'mc8051_control' declared at 'C:/Users/hafer/Desktop/VHDL/mc8051_basys3/hw/hdl/mc8051/mc8051_control_.vhd:74' bound to instance 'i_mc8051_control' of component 'mc8051_control' [C:/Users/hafer/Desktop/VHDL/mc8051_basys3/hw/hdl/mc8051/mc8051_core_struc.vhd:110]
INFO: [Synth 8-638] synthesizing module 'mc8051_control' [C:/Users/hafer/Desktop/VHDL/mc8051_basys3/hw/hdl/mc8051/mc8051_control_struc.vhd:66]
INFO: [Synth 8-3491] module 'control_fsm' declared at 'C:/Users/hafer/Desktop/VHDL/mc8051_basys3/hw/hdl/mc8051/control_fsm_.vhd:74' bound to instance 'i_control_fsm' of component 'control_fsm' [C:/Users/hafer/Desktop/VHDL/mc8051_basys3/hw/hdl/mc8051/mc8051_control_struc.vhd:121]
INFO: [Synth 8-638] synthesizing module 'control_fsm' [C:/Users/hafer/Desktop/VHDL/mc8051_basys3/hw/hdl/mc8051/control_fsm_rtl.vhd:66]
INFO: [Synth 8-256] done synthesizing module 'control_fsm' (1#1) [C:/Users/hafer/Desktop/VHDL/mc8051_basys3/hw/hdl/mc8051/control_fsm_rtl.vhd:66]
INFO: [Synth 8-3491] module 'control_mem' declared at 'C:/Users/hafer/Desktop/VHDL/mc8051_basys3/hw/hdl/mc8051/control_mem_.vhd:75' bound to instance 'i_control_mem' of component 'control_mem' [C:/Users/hafer/Desktop/VHDL/mc8051_basys3/hw/hdl/mc8051/mc8051_control_struc.vhd:171]
INFO: [Synth 8-638] synthesizing module 'control_mem' [C:/Users/hafer/Desktop/VHDL/mc8051_basys3/hw/hdl/mc8051/control_mem_rtl.vhd:68]
INFO: [Synth 8-226] default block is never used [C:/Users/hafer/Desktop/VHDL/mc8051_basys3/hw/hdl/mc8051/control_mem_rtl.vhd:678]
INFO: [Synth 8-226] default block is never used [C:/Users/hafer/Desktop/VHDL/mc8051_basys3/hw/hdl/mc8051/control_mem_rtl.vhd:789]
INFO: [Synth 8-226] default block is never used [C:/Users/hafer/Desktop/VHDL/mc8051_basys3/hw/hdl/mc8051/control_mem_rtl.vhd:797]
INFO: [Synth 8-226] default block is never used [C:/Users/hafer/Desktop/VHDL/mc8051_basys3/hw/hdl/mc8051/control_mem_rtl.vhd:1104]
INFO: [Synth 8-256] done synthesizing module 'control_mem' (2#1) [C:/Users/hafer/Desktop/VHDL/mc8051_basys3/hw/hdl/mc8051/control_mem_rtl.vhd:68]
INFO: [Synth 8-256] done synthesizing module 'mc8051_control' (3#1) [C:/Users/hafer/Desktop/VHDL/mc8051_basys3/hw/hdl/mc8051/mc8051_control_struc.vhd:66]
	Parameter DWIDTH bound to: 8 - type: integer 
INFO: [Synth 8-3491] module 'mc8051_alu' declared at 'C:/Users/hafer/Desktop/VHDL/mc8051_basys3/hw/hdl/mc8051/mc8051_alu_.vhd:75' bound to instance 'i_mc8051_alu' of component 'mc8051_alu' [C:/Users/hafer/Desktop/VHDL/mc8051_basys3/hw/hdl/mc8051/mc8051_core_struc.vhd:163]
INFO: [Synth 8-638] synthesizing module 'mc8051_alu' [C:/Users/hafer/Desktop/VHDL/mc8051_basys3/hw/hdl/mc8051/mc8051_alu_struc.vhd:67]
	Parameter DWIDTH bound to: 8 - type: integer 
	Parameter DWIDTH bound to: 8 - type: integer 
INFO: [Synth 8-3491] module 'alumux' declared at 'C:/Users/hafer/Desktop/VHDL/mc8051_basys3/hw/hdl/mc8051/alumux_.vhd:74' bound to instance 'i_alumux' of component 'alumux' [C:/Users/hafer/Desktop/VHDL/mc8051_basys3/hw/hdl/mc8051/mc8051_alu_struc.vhd:94]
INFO: [Synth 8-638] synthesizing module 'alumux' [C:/Users/hafer/Desktop/VHDL/mc8051_basys3/hw/hdl/mc8051/alumux_rtl.vhd:65]
	Parameter DWIDTH bound to: 8 - type: integer 
INFO: [Synth 8-256] done synthesizing module 'alumux' (4#1) [C:/Users/hafer/Desktop/VHDL/mc8051_basys3/hw/hdl/mc8051/alumux_rtl.vhd:65]
	Parameter DWIDTH bound to: 8 - type: integer 
INFO: [Synth 8-3491] module 'alucore' declared at 'C:/Users/hafer/Desktop/VHDL/mc8051_basys3/hw/hdl/mc8051/alucore_.vhd:73' bound to instance 'i_alucore' of component 'alucore' [C:/Users/hafer/Desktop/VHDL/mc8051_basys3/hw/hdl/mc8051/mc8051_alu_struc.vhd:133]
INFO: [Synth 8-638] synthesizing module 'alucore' [C:/Users/hafer/Desktop/VHDL/mc8051_basys3/hw/hdl/mc8051/alucore_rtl.vhd:65]
	Parameter DWIDTH bound to: 8 - type: integer 
INFO: [Synth 8-256] done synthesizing module 'alucore' (5#1) [C:/Users/hafer/Desktop/VHDL/mc8051_basys3/hw/hdl/mc8051/alucore_rtl.vhd:65]
	Parameter DWIDTH bound to: 8 - type: integer 
INFO: [Synth 8-3491] module 'addsub_core' declared at 'C:/Users/hafer/Desktop/VHDL/mc8051_basys3/hw/hdl/mc8051/addsub_core_.vhd:76' bound to instance 'i_addsub_core' of component 'addsub_core' [C:/Users/hafer/Desktop/VHDL/mc8051_basys3/hw/hdl/mc8051/mc8051_alu_struc.vhd:144]
INFO: [Synth 8-638] synthesizing module 'addsub_core' [C:/Users/hafer/Desktop/VHDL/mc8051_basys3/hw/hdl/mc8051/addsub_core_struc.vhd:67]
	Parameter DWIDTH bound to: 8 - type: integer 
	Parameter DWIDTH bound to: 4 - type: integer 
INFO: [Synth 8-3491] module 'addsub_cy' declared at 'C:/Users/hafer/Desktop/VHDL/mc8051_basys3/hw/hdl/mc8051/addsub_cy_.vhd:72' bound to instance 'i_addsub_cy' of component 'addsub_cy' [C:/Users/hafer/Desktop/VHDL/mc8051_basys3/hw/hdl/mc8051/addsub_core_struc.vhd:92]
INFO: [Synth 8-638] synthesizing module 'addsub_cy' [C:/Users/hafer/Desktop/VHDL/mc8051_basys3/hw/hdl/mc8051/addsub_cy_rtl.vhd:66]
	Parameter DWIDTH bound to: 4 - type: integer 
INFO: [Synth 8-256] done synthesizing module 'addsub_cy' (6#1) [C:/Users/hafer/Desktop/VHDL/mc8051_basys3/hw/hdl/mc8051/addsub_cy_rtl.vhd:66]
	Parameter DWIDTH bound to: 4 - type: integer 
INFO: [Synth 8-3491] module 'addsub_ovcy' declared at 'C:/Users/hafer/Desktop/VHDL/mc8051_basys3/hw/hdl/mc8051/addsub_ovcy_.vhd:72' bound to instance 'i_addsub_ovcy' of component 'addsub_ovcy' [C:/Users/hafer/Desktop/VHDL/mc8051_basys3/hw/hdl/mc8051/addsub_core_struc.vhd:103]
INFO: [Synth 8-638] synthesizing module 'addsub_ovcy' [C:/Users/hafer/Desktop/VHDL/mc8051_basys3/hw/hdl/mc8051/addsub_ovcy_rtl.vhd:66]
	Parameter DWIDTH bound to: 4 - type: integer 
INFO: [Synth 8-256] done synthesizing module 'addsub_ovcy' (7#1) [C:/Users/hafer/Desktop/VHDL/mc8051_basys3/hw/hdl/mc8051/addsub_ovcy_rtl.vhd:66]
INFO: [Synth 8-256] done synthesizing module 'addsub_core' (8#1) [C:/Users/hafer/Desktop/VHDL/mc8051_basys3/hw/hdl/mc8051/addsub_core_struc.vhd:67]
	Parameter DWIDTH bound to: 8 - type: integer 
INFO: [Synth 8-3491] module 'comb_mltplr' declared at 'C:/Users/hafer/Desktop/VHDL/mc8051_basys3/hw/hdl/mc8051/comb_mltplr_.vhd:72' bound to instance 'i_comb_mltplr' of component 'comb_mltplr' [C:/Users/hafer/Desktop/VHDL/mc8051_basys3/hw/hdl/mc8051/mc8051_alu_struc.vhd:155]
INFO: [Synth 8-638] synthesizing module 'comb_mltplr' [C:/Users/hafer/Desktop/VHDL/mc8051_basys3/hw/hdl/mc8051/comb_mltplr_rtl.vhd:66]
	Parameter DWIDTH bound to: 8 - type: integer 
INFO: [Synth 8-256] done synthesizing module 'comb_mltplr' (9#1) [C:/Users/hafer/Desktop/VHDL/mc8051_basys3/hw/hdl/mc8051/comb_mltplr_rtl.vhd:66]
	Parameter DWIDTH bound to: 8 - type: integer 
INFO: [Synth 8-3491] module 'comb_divider' declared at 'C:/Users/hafer/Desktop/VHDL/mc8051_basys3/hw/hdl/mc8051/comb_divider_.vhd:72' bound to instance 'i_comb_divider' of component 'comb_divider' [C:/Users/hafer/Desktop/VHDL/mc8051_basys3/hw/hdl/mc8051/mc8051_alu_struc.vhd:168]
INFO: [Synth 8-638] synthesizing module 'comb_divider' [C:/Users/hafer/Desktop/VHDL/mc8051_basys3/hw/hdl/mc8051/comb_divider_rtl.vhd:66]
	Parameter DWIDTH bound to: 8 - type: integer 
INFO: [Synth 8-256] done synthesizing module 'comb_divider' (10#1) [C:/Users/hafer/Desktop/VHDL/mc8051_basys3/hw/hdl/mc8051/comb_divider_rtl.vhd:66]
	Parameter DWIDTH bound to: 8 - type: integer 
INFO: [Synth 8-3491] module 'dcml_adjust' declared at 'C:/Users/hafer/Desktop/VHDL/mc8051_basys3/hw/hdl/mc8051/dcml_adjust_.vhd:72' bound to instance 'i_dcml_adjust' of component 'dcml_adjust' [C:/Users/hafer/Desktop/VHDL/mc8051_basys3/hw/hdl/mc8051/mc8051_alu_struc.vhd:183]
INFO: [Synth 8-638] synthesizing module 'dcml_adjust' [C:/Users/hafer/Desktop/VHDL/mc8051_basys3/hw/hdl/mc8051/dcml_adjust_rtl.vhd:66]
	Parameter DWIDTH bound to: 8 - type: integer 
INFO: [Synth 8-256] done synthesizing module 'dcml_adjust' (11#1) [C:/Users/hafer/Desktop/VHDL/mc8051_basys3/hw/hdl/mc8051/dcml_adjust_rtl.vhd:66]
INFO: [Synth 8-256] done synthesizing module 'mc8051_alu' (12#1) [C:/Users/hafer/Desktop/VHDL/mc8051_basys3/hw/hdl/mc8051/mc8051_alu_struc.vhd:67]
INFO: [Synth 8-3491] module 'mc8051_siu' declared at 'C:/Users/hafer/Desktop/VHDL/mc8051_basys3/hw/hdl/mc8051/mc8051_siu_.vhd:71' bound to instance 'i_mc8051_siu' of component 'mc8051_siu' [C:/Users/hafer/Desktop/VHDL/mc8051_basys3/hw/hdl/mc8051/mc8051_core_struc.vhd:179]
INFO: [Synth 8-638] synthesizing module 'mc8051_siu' [C:/Users/hafer/Desktop/VHDL/mc8051_basys3/hw/hdl/mc8051/mc8051_siu_rtl.vhd:65]
INFO: [Synth 8-226] default block is never used [C:/Users/hafer/Desktop/VHDL/mc8051_basys3/hw/hdl/mc8051/mc8051_siu_rtl.vhd:422]
INFO: [Synth 8-226] default block is never used [C:/Users/hafer/Desktop/VHDL/mc8051_basys3/hw/hdl/mc8051/mc8051_siu_rtl.vhd:830]
INFO: [Synth 8-256] done synthesizing module 'mc8051_siu' (13#1) [C:/Users/hafer/Desktop/VHDL/mc8051_basys3/hw/hdl/mc8051/mc8051_siu_rtl.vhd:65]
INFO: [Synth 8-3491] module 'mc8051_tmrctr' declared at 'C:/Users/hafer/Desktop/VHDL/mc8051_basys3/hw/hdl/mc8051/mc8051_tmrctr_.vhd:71' bound to instance 'i_mc8051_tmrctr' of component 'mc8051_tmrctr' [C:/Users/hafer/Desktop/VHDL/mc8051_basys3/hw/hdl/mc8051/mc8051_core_struc.vhd:198]
INFO: [Synth 8-638] synthesizing module 'mc8051_tmrctr' [C:/Users/hafer/Desktop/VHDL/mc8051_basys3/hw/hdl/mc8051/mc8051_tmrctr_rtl.vhd:65]
INFO: [Synth 8-226] default block is never used [C:/Users/hafer/Desktop/VHDL/mc8051_basys3/hw/hdl/mc8051/mc8051_tmrctr_rtl.vhd:248]
INFO: [Synth 8-226] default block is never used [C:/Users/hafer/Desktop/VHDL/mc8051_basys3/hw/hdl/mc8051/mc8051_tmrctr_rtl.vhd:528]
INFO: [Synth 8-256] done synthesizing module 'mc8051_tmrctr' (14#1) [C:/Users/hafer/Desktop/VHDL/mc8051_basys3/hw/hdl/mc8051/mc8051_tmrctr_rtl.vhd:65]
INFO: [Synth 8-256] done synthesizing module 'mc8051_core' (15#1) [C:/Users/hafer/Desktop/VHDL/mc8051_basys3/hw/hdl/mc8051/mc8051_core_struc.vhd:67]
INFO: [Synth 8-3491] module 'mc8051_rom' declared at 'C:/Users/hafer/Desktop/VHDL/mc8051_basys3/hw/impl/mc8051.runs/synth_1/.Xil/Vivado-4312-oager_laptop/realtime/mc8051_rom_stub.vhdl:5' bound to instance 'i_mc8051_rom' of component 'mc8051_rom' [C:/Users/hafer/Desktop/VHDL/mc8051_basys3/hw/hdl/mc8051/mc8051_top_struc.vhd:135]
INFO: [Synth 8-638] synthesizing module 'mc8051_rom' [C:/Users/hafer/Desktop/VHDL/mc8051_basys3/hw/impl/mc8051.runs/synth_1/.Xil/Vivado-4312-oager_laptop/realtime/mc8051_rom_stub.vhdl:14]
INFO: [Synth 8-3491] module 'mc8051_ram' declared at 'C:/Users/hafer/Desktop/VHDL/mc8051_basys3/hw/impl/mc8051.runs/synth_1/.Xil/Vivado-4312-oager_laptop/realtime/mc8051_ram_stub.vhdl:5' bound to instance 'i_mc8051_ram' of component 'mc8051_ram' [C:/Users/hafer/Desktop/VHDL/mc8051_basys3/hw/hdl/mc8051/mc8051_top_struc.vhd:146]
INFO: [Synth 8-638] synthesizing module 'mc8051_ram' [C:/Users/hafer/Desktop/VHDL/mc8051_basys3/hw/impl/mc8051.runs/synth_1/.Xil/Vivado-4312-oager_laptop/realtime/mc8051_ram_stub.vhdl:16]
WARNING: [Synth 8-3848] Net s_ramx_data_out in module/entity mc8051_top does not have driver. [C:/Users/hafer/Desktop/VHDL/mc8051_basys3/hw/hdl/mc8051/mc8051_top_struc.vhd:79]
INFO: [Synth 8-256] done synthesizing module 'mc8051_top' (16#1) [C:/Users/hafer/Desktop/VHDL/mc8051_basys3/hw/hdl/mc8051/mc8051_top_struc.vhd:67]
INFO: [Synth 8-256] done synthesizing module 'fpga_top_rtl_cfg' (17#1) [C:/Users/hafer/Desktop/VHDL/mc8051_basys3/hw/hdl/fpga_top_rtl_cfg.vhd:6]
WARNING: [Synth 8-3331] design control_fsm has unconnected port psw[6]
WARNING: [Synth 8-3331] design control_fsm has unconnected port psw[5]
WARNING: [Synth 8-3331] design control_fsm has unconnected port psw[4]
WARNING: [Synth 8-3331] design control_fsm has unconnected port psw[3]
WARNING: [Synth 8-3331] design control_fsm has unconnected port psw[2]
WARNING: [Synth 8-3331] design control_fsm has unconnected port psw[1]
WARNING: [Synth 8-3331] design control_fsm has unconnected port psw[0]
WARNING: [Synth 8-3331] design control_fsm has unconnected port ie[7]
WARNING: [Synth 8-3331] design control_fsm has unconnected port ie[6]
WARNING: [Synth 8-3331] design control_fsm has unconnected port ie[5]
WARNING: [Synth 8-3331] design control_fsm has unconnected port ip[7]
WARNING: [Synth 8-3331] design control_fsm has unconnected port ip[6]
WARNING: [Synth 8-3331] design control_fsm has unconnected port ip[5]
---------------------------------------------------------------------------------
Finished RTL Elaboration : Time (s): cpu = 00:00:03 ; elapsed = 00:00:09 . Memory (MB): peak = 344.270 ; gain = 137.793
---------------------------------------------------------------------------------

Report Check Netlist: 
+------+------------------+-------+---------+-------+------------------+
|      |Item              |Errors |Warnings |Status |Description       |
+------+------------------+-------+---------+-------+------------------+
|1     |multi_driven_nets |      0|        0|Passed |Multi driven nets |
+------+------------------+-------+---------+-------+------------------+
WARNING: [Synth 8-3295] tying undriven pin i_mc8051_core:datax_i[7] to constant 0 [C:/Users/hafer/Desktop/VHDL/mc8051_basys3/hw/hdl/mc8051/mc8051_top_struc.vhd:93]
WARNING: [Synth 8-3295] tying undriven pin i_mc8051_core:datax_i[6] to constant 0 [C:/Users/hafer/Desktop/VHDL/mc8051_basys3/hw/hdl/mc8051/mc8051_top_struc.vhd:93]
WARNING: [Synth 8-3295] tying undriven pin i_mc8051_core:datax_i[5] to constant 0 [C:/Users/hafer/Desktop/VHDL/mc8051_basys3/hw/hdl/mc8051/mc8051_top_struc.vhd:93]
WARNING: [Synth 8-3295] tying undriven pin i_mc8051_core:datax_i[4] to constant 0 [C:/Users/hafer/Desktop/VHDL/mc8051_basys3/hw/hdl/mc8051/mc8051_top_struc.vhd:93]
WARNING: [Synth 8-3295] tying undriven pin i_mc8051_core:datax_i[3] to constant 0 [C:/Users/hafer/Desktop/VHDL/mc8051_basys3/hw/hdl/mc8051/mc8051_top_struc.vhd:93]
WARNING: [Synth 8-3295] tying undriven pin i_mc8051_core:datax_i[2] to constant 0 [C:/Users/hafer/Desktop/VHDL/mc8051_basys3/hw/hdl/mc8051/mc8051_top_struc.vhd:93]
WARNING: [Synth 8-3295] tying undriven pin i_mc8051_core:datax_i[1] to constant 0 [C:/Users/hafer/Desktop/VHDL/mc8051_basys3/hw/hdl/mc8051/mc8051_top_struc.vhd:93]
WARNING: [Synth 8-3295] tying undriven pin i_mc8051_core:datax_i[0] to constant 0 [C:/Users/hafer/Desktop/VHDL/mc8051_basys3/hw/hdl/mc8051/mc8051_top_struc.vhd:93]
---------------------------------------------------------------------------------
Finished RTL Optimization Phase 1 : Time (s): cpu = 00:00:04 ; elapsed = 00:00:09 . Memory (MB): peak = 344.270 ; gain = 137.793
---------------------------------------------------------------------------------
WARNING: [Project 1-486] Could not resolve non-primitive black box cell 'mc8051_ram' instantiated as 'i_mc8051_top/i_mc8051_ram' [C:/Users/hafer/Desktop/VHDL/mc8051_basys3/hw/hdl/mc8051/mc8051_top_struc.vhd:146]
WARNING: [Project 1-486] Could not resolve non-primitive black box cell 'mc8051_rom' instantiated as 'i_mc8051_top/i_mc8051_rom' [C:/Users/hafer/Desktop/VHDL/mc8051_basys3/hw/hdl/mc8051/mc8051_top_struc.vhd:135]
WARNING: [Project 1-486] Could not resolve non-primitive black box cell 'prescaler' instantiated as 'i_prescaler' [C:/Users/hafer/Desktop/VHDL/mc8051_basys3/hw/hdl/fpga_top_rtl.vhd:38]
INFO: [Device 21-403] Loading part xc7a35tcpg236-1
INFO: [Project 1-570] Preparing netlist for logic optimization

Processing XDC Constraints
Initializing timing engine
Parsing XDC File [C:/Users/hafer/Desktop/VHDL/mc8051_basys3/hw/impl/mc8051.runs/synth_1/.Xil/Vivado-4312-oager_laptop/dcp/mc8051_rom_in_context.xdc] for cell 'i_mc8051_top/i_mc8051_rom'
Finished Parsing XDC File [C:/Users/hafer/Desktop/VHDL/mc8051_basys3/hw/impl/mc8051.runs/synth_1/.Xil/Vivado-4312-oager_laptop/dcp/mc8051_rom_in_context.xdc] for cell 'i_mc8051_top/i_mc8051_rom'
Parsing XDC File [C:/Users/hafer/Desktop/VHDL/mc8051_basys3/hw/impl/mc8051.runs/synth_1/.Xil/Vivado-4312-oager_laptop/dcp_2/prescaler_in_context.xdc] for cell 'i_prescaler'
Finished Parsing XDC File [C:/Users/hafer/Desktop/VHDL/mc8051_basys3/hw/impl/mc8051.runs/synth_1/.Xil/Vivado-4312-oager_laptop/dcp_2/prescaler_in_context.xdc] for cell 'i_prescaler'
Parsing XDC File [C:/Users/hafer/Desktop/VHDL/mc8051_basys3/hw/impl/mc8051.runs/synth_1/.Xil/Vivado-4312-oager_laptop/dcp_3/mc8051_ram_in_context.xdc] for cell 'i_mc8051_top/i_mc8051_ram'
Finished Parsing XDC File [C:/Users/hafer/Desktop/VHDL/mc8051_basys3/hw/impl/mc8051.runs/synth_1/.Xil/Vivado-4312-oager_laptop/dcp_3/mc8051_ram_in_context.xdc] for cell 'i_mc8051_top/i_mc8051_ram'
Parsing XDC File [C:/Users/hafer/Desktop/VHDL/mc8051_basys3/hw/impl/mc8051.constrs/mc8051.xdc]
Finished Parsing XDC File [C:/Users/hafer/Desktop/VHDL/mc8051_basys3/hw/impl/mc8051.constrs/mc8051.xdc]
INFO: [Project 1-236] Implementation specific constraints were found while reading constraint file [C:/Users/hafer/Desktop/VHDL/mc8051_basys3/hw/impl/mc8051.constrs/mc8051.xdc]. These constraints will be ignored for synthesis but will be used in implementation. Impacted constraints are listed in the file [.Xil/fpga_top_rtl_cfg_propImpl.xdc].
Resolution: To avoid this warning, move constraints listed in [.Xil/fpga_top_rtl_cfg_propImpl.xdc] to another XDC file and exclude this new file from synthesis with the used_in_synthesis property (File Properties dialog in GUI) and re-run elaboration/synthesis.
Completed Processing XDC Constraints

INFO: [Project 1-111] Unisim Transformation Summary:
No Unisim elements were transformed.

Constraint Validation Runtime : Time (s): cpu = 00:00:00 ; elapsed = 00:00:00.015 . Memory (MB): peak = 634.574 ; gain = 0.000
---------------------------------------------------------------------------------
Finished Constraint Validation : Time (s): cpu = 00:00:08 ; elapsed = 00:00:18 . Memory (MB): peak = 634.574 ; gain = 428.098
---------------------------------------------------------------------------------
---------------------------------------------------------------------------------
Start Loading Part and Timing Information
---------------------------------------------------------------------------------
Loading part: xc7a35tcpg236-1
---------------------------------------------------------------------------------
Finished Loading Part and Timing Information : Time (s): cpu = 00:00:08 ; elapsed = 00:00:18 . Memory (MB): peak = 634.574 ; gain = 428.098
---------------------------------------------------------------------------------
---------------------------------------------------------------------------------
Start Applying 'set_property' XDC Constraints
---------------------------------------------------------------------------------
Applied set_property IO_BUFFER_TYPE = NONE for clk. (constraint file  C:/Users/hafer/Desktop/VHDL/mc8051_basys3/hw/impl/mc8051.runs/synth_1/.Xil/Vivado-4312-oager_laptop/dcp_2/prescaler_in_context.xdc, line 3).
Applied set_property CLOCK_BUFFER_TYPE = NONE for clk. (constraint file  C:/Users/hafer/Desktop/VHDL/mc8051_basys3/hw/impl/mc8051.runs/synth_1/.Xil/Vivado-4312-oager_laptop/dcp_2/prescaler_in_context.xdc, line 4).
---------------------------------------------------------------------------------
Finished applying 'set_property' XDC Constraints : Time (s): cpu = 00:00:08 ; elapsed = 00:00:18 . Memory (MB): peak = 634.574 ; gain = 428.098
---------------------------------------------------------------------------------
INFO: [Synth 8-5544] ROM "s_regs_wr_en" won't be mapped to Block RAM because address size (3) smaller than threshold (5)
INFO: [Synth 8-5544] ROM "s_adr_mux" won't be mapped to Block RAM because address size (3) smaller than threshold (5)
INFO: [Synth 8-5544] ROM "s_regs_wr_en" won't be mapped to Block RAM because address size (3) smaller than threshold (5)
INFO: [Synth 8-5544] ROM "s_pc_inc_en" won't be mapped to Block RAM because address size (3) smaller than threshold (5)
INFO: [Synth 8-5544] ROM "s_pc_inc_en" won't be mapped to Block RAM because address size (3) smaller than threshold (5)
INFO: [Synth 8-5544] ROM "s_pc_inc_en" won't be mapped to Block RAM because address size (3) smaller than threshold (5)
INFO: [Synth 8-5544] ROM "s_nextstate" won't be mapped to Block RAM because address size (3) smaller than threshold (5)
INFO: [Synth 8-5544] ROM "s_data_mux" won't be mapped to Block RAM because address size (3) smaller than threshold (5)
INFO: [Synth 8-5544] ROM "s_adr_mux" won't be mapped to Block RAM because address size (3) smaller than threshold (5)
INFO: [Synth 8-5544] ROM "s_adr_mux" won't be mapped to Block RAM because address size (3) smaller than threshold (5)
INFO: [Synth 8-5544] ROM "s_adr_mux" won't be mapped to Block RAM because address size (3) smaller than threshold (5)
INFO: [Synth 8-5544] ROM "s_adr_mux" won't be mapped to Block RAM because address size (3) smaller than threshold (5)
INFO: [Synth 8-5544] ROM "s_adr_mux" won't be mapped to Block RAM because address size (3) smaller than threshold (5)
INFO: [Synth 8-5544] ROM "s_adr_mux" won't be mapped to Block RAM because address size (3) smaller than threshold (5)
INFO: [Synth 8-5544] ROM "s_adr_mux" won't be mapped to Block RAM because address size (3) smaller than threshold (5)
INFO: [Synth 8-5544] ROM "s_adr_mux" won't be mapped to Block RAM because address size (3) smaller than threshold (5)
INFO: [Synth 8-5544] ROM "s_adr_mux" won't be mapped to Block RAM because address size (3) smaller than threshold (5)
INFO: [Synth 8-5544] ROM "s_regs_wr_en" won't be mapped to Block RAM because address size (3) smaller than threshold (5)
INFO: [Synth 8-5544] ROM "s_regs_wr_en" won't be mapped to Block RAM because address size (3) smaller than threshold (5)
INFO: [Synth 8-5544] ROM "s_intpre2_d" won't be mapped to Block RAM because address size (3) smaller than threshold (5)
INFO: [Synth 8-5544] ROM "s_bdata_mux" won't be mapped to Block RAM because address size (3) smaller than threshold (5)
INFO: [Synth 8-5544] ROM "s_data_mux" won't be mapped to Block RAM because address size (3) smaller than threshold (5)
INFO: [Synth 8-5544] ROM "s_data_mux" won't be mapped to Block RAM because address size (3) smaller than threshold (5)
INFO: [Synth 8-5544] ROM "s_regs_wr_en" won't be mapped to Block RAM because address size (3) smaller than threshold (5)
INFO: [Synth 8-5544] ROM "s_regs_wr_en" won't be mapped to Block RAM because address size (3) smaller than threshold (5)
INFO: [Synth 8-5544] ROM "s_help_en" won't be mapped to Block RAM because address size (3) smaller than threshold (5)
INFO: [Synth 8-5544] ROM "s_help_en" won't be mapped to Block RAM because address size (3) smaller than threshold (5)
INFO: [Synth 8-5544] ROM "s_help16_en" won't be mapped to Block RAM because address size (3) smaller than threshold (5)
INFO: [Synth 8-5544] ROM "s_help16_en" won't be mapped to Block RAM because address size (3) smaller than threshold (5)
INFO: [Synth 8-5544] ROM "s_regs_wr_en" won't be mapped to Block RAM because address size (3) smaller than threshold (5)
INFO: [Synth 8-5544] ROM "s_adr_mux" won't be mapped to Block RAM because address size (3) smaller than threshold (5)
INFO: [Synth 8-5544] ROM "s_regs_wr_en" won't be mapped to Block RAM because address size (3) smaller than threshold (5)
INFO: [Synth 8-5544] ROM "s_pc_inc_en" won't be mapped to Block RAM because address size (3) smaller than threshold (5)
INFO: [Synth 8-5544] ROM "s_pc_inc_en" won't be mapped to Block RAM because address size (3) smaller than threshold (5)
INFO: [Synth 8-5544] ROM "s_pc_inc_en" won't be mapped to Block RAM because address size (3) smaller than threshold (5)
INFO: [Synth 8-5544] ROM "s_nextstate" won't be mapped to Block RAM because address size (3) smaller than threshold (5)
INFO: [Synth 8-5544] ROM "s_data_mux" won't be mapped to Block RAM because address size (3) smaller than threshold (5)
INFO: [Synth 8-5544] ROM "s_adr_mux" won't be mapped to Block RAM because address size (3) smaller than threshold (5)
INFO: [Synth 8-5544] ROM "s_adr_mux" won't be mapped to Block RAM because address size (3) smaller than threshold (5)
INFO: [Synth 8-5544] ROM "s_adr_mux" won't be mapped to Block RAM because address size (3) smaller than threshold (5)
INFO: [Synth 8-5544] ROM "s_adr_mux" won't be mapped to Block RAM because address size (3) smaller than threshold (5)
INFO: [Synth 8-5544] ROM "s_adr_mux" won't be mapped to Block RAM because address size (3) smaller than threshold (5)
INFO: [Synth 8-5544] ROM "s_adr_mux" won't be mapped to Block RAM because address size (3) smaller than threshold (5)
INFO: [Synth 8-5544] ROM "s_adr_mux" won't be mapped to Block RAM because address size (3) smaller than threshold (5)
INFO: [Synth 8-5544] ROM "s_adr_mux" won't be mapped to Block RAM because address size (3) smaller than threshold (5)
INFO: [Synth 8-5544] ROM "s_adr_mux" won't be mapped to Block RAM because address size (3) smaller than threshold (5)
INFO: [Synth 8-5544] ROM "s_regs_wr_en" won't be mapped to Block RAM because address size (3) smaller than threshold (5)
INFO: [Synth 8-5544] ROM "s_regs_wr_en" won't be mapped to Block RAM because address size (3) smaller than threshold (5)
INFO: [Synth 8-5544] ROM "s_intpre2_d" won't be mapped to Block RAM because address size (3) smaller than threshold (5)
INFO: [Synth 8-5544] ROM "s_bdata_mux" won't be mapped to Block RAM because address size (3) smaller than threshold (5)
INFO: [Synth 8-5544] ROM "s_data_mux" won't be mapped to Block RAM because address size (3) smaller than threshold (5)
INFO: [Synth 8-5544] ROM "s_data_mux" won't be mapped to Block RAM because address size (3) smaller than threshold (5)
INFO: [Synth 8-5544] ROM "s_regs_wr_en" won't be mapped to Block RAM because address size (3) smaller than threshold (5)
INFO: [Synth 8-5544] ROM "s_regs_wr_en" won't be mapped to Block RAM because address size (3) smaller than threshold (5)
INFO: [Synth 8-5544] ROM "s_help_en" won't be mapped to Block RAM because address size (3) smaller than threshold (5)
INFO: [Synth 8-5544] ROM "s_help_en" won't be mapped to Block RAM because address size (3) smaller than threshold (5)
INFO: [Synth 8-5544] ROM "s_help16_en" won't be mapped to Block RAM because address size (3) smaller than threshold (5)
INFO: [Synth 8-5544] ROM "s_help16_en" won't be mapped to Block RAM because address size (3) smaller than threshold (5)
INFO: [Synth 8-5544] ROM "s_pc_inc_en" won't be mapped to Block RAM because address size (1) smaller than threshold (5)
INFO: [Synth 8-5544] ROM "s_pc_inc_en" won't be mapped to Block RAM because address size (1) smaller than threshold (5)
INFO: [Synth 8-5544] ROM "s_pc_inc_en" won't be mapped to Block RAM because address size (1) smaller than threshold (5)
INFO: [Synth 8-5544] ROM "s_pc_inc_en" won't be mapped to Block RAM because address size (1) smaller than threshold (5)
INFO: [Synth 8-5544] ROM "s_pc_inc_en" won't be mapped to Block RAM because address size (1) smaller than threshold (5)
INFO: [Synth 8-5544] ROM "s_pc_inc_en" won't be mapped to Block RAM because address size (1) smaller than threshold (5)
INFO: [Synth 8-5544] ROM "s_pc_inc_en" won't be mapped to Block RAM because address size (1) smaller than threshold (5)
INFO: [Synth 8-5544] ROM "s_pc_inc_en" won't be mapped to Block RAM because address size (1) smaller than threshold (5)
INFO: [Synth 8-5544] ROM "s_adr_mux" won't be mapped to Block RAM because address size (1) smaller than threshold (5)
INFO: [Synth 8-5544] ROM "s_adr_mux" won't be mapped to Block RAM because address size (1) smaller than threshold (5)
INFO: [Synth 8-5546] ROM "s_wrx_mux" won't be mapped to RAM because it is too sparse
INFO: [Synth 8-5544] ROM "s_bdata_mux" won't be mapped to Block RAM because address size (1) smaller than threshold (5)
INFO: [Synth 8-5544] ROM "s_regs_wr_en" won't be mapped to Block RAM because address size (1) smaller than threshold (5)
INFO: [Synth 8-5544] ROM "s_regs_wr_en" won't be mapped to Block RAM because address size (1) smaller than threshold (5)
INFO: [Synth 8-5544] ROM "s_help_en" won't be mapped to Block RAM because address size (1) smaller than threshold (5)
INFO: [Synth 8-5818] HDL ADVISOR - The operator resource <adder> is shared. To prevent sharing consider applying a KEEP on the output of the operator [C:/Users/hafer/Desktop/VHDL/mc8051_basys3/hw/hdl/mc8051/control_mem_rtl.vhd:231]
INFO: [Synth 8-5546] ROM "all_wt_en_o" won't be mapped to RAM because it is too sparse
INFO: [Synth 8-5546] ROM "all_trans_o" won't be mapped to RAM because it is too sparse
INFO: [Synth 8-5546] ROM "psw" won't be mapped to RAM because it is too sparse
INFO: [Synth 8-5546] ROM "psw" won't be mapped to RAM because it is too sparse
INFO: [Synth 8-5546] ROM "tcon[0]" won't be mapped to RAM because it is too sparse
INFO: [Synth 8-5546] ROM "scon[0]" won't be mapped to RAM because it is too sparse
INFO: [Synth 8-5546] ROM "sp" won't be mapped to RAM because it is too sparse
INFO: [Synth 8-5546] ROM "acc" won't be mapped to RAM because it is too sparse
INFO: [Synth 8-5546] ROM "acc" won't be mapped to RAM because it is too sparse
INFO: [Synth 8-5546] ROM "p0" won't be mapped to RAM because it is too sparse
INFO: [Synth 8-5546] ROM "dpl" won't be mapped to RAM because it is too sparse
INFO: [Synth 8-5546] ROM "dph" won't be mapped to RAM because it is too sparse
INFO: [Synth 8-5546] ROM "pcon" won't be mapped to RAM because it is too sparse
INFO: [Synth 8-5546] ROM "tmod[0]" won't be mapped to RAM because it is too sparse
INFO: [Synth 8-5546] ROM "tsel" won't be mapped to RAM because it is too sparse
INFO: [Synth 8-5546] ROM "p1" won't be mapped to RAM because it is too sparse
INFO: [Synth 8-5546] ROM "ssel" won't be mapped to RAM because it is too sparse
INFO: [Synth 8-5546] ROM "p2" won't be mapped to RAM because it is too sparse
INFO: [Synth 8-5546] ROM "ie" won't be mapped to RAM because it is too sparse
INFO: [Synth 8-5546] ROM "p3" won't be mapped to RAM because it is too sparse
INFO: [Synth 8-5546] ROM "ip" won't be mapped to RAM because it is too sparse
INFO: [Synth 8-5546] ROM "b" won't be mapped to RAM because it is too sparse
INFO: [Synth 8-5546] ROM "b" won't be mapped to RAM because it is too sparse
INFO: [Synth 8-5544] ROM "gprbit_reg[15]" won't be mapped to Block RAM because address size (4) smaller than threshold (5)
INFO: [Synth 8-5544] ROM "gprbit_reg[14]" won't be mapped to Block RAM because address size (4) smaller than threshold (5)
INFO: [Synth 8-5544] ROM "gprbit_reg[13]" won't be mapped to Block RAM because address size (4) smaller than threshold (5)
INFO: [Synth 8-5544] ROM "gprbit_reg[12]" won't be mapped to Block RAM because address size (4) smaller than threshold (5)
INFO: [Synth 8-5544] ROM "gprbit_reg[11]" won't be mapped to Block RAM because address size (4) smaller than threshold (5)
INFO: [Synth 8-5544] ROM "gprbit_reg[10]" won't be mapped to Block RAM because address size (4) smaller than threshold (5)
INFO: [Synth 8-5544] ROM "gprbit_reg[9]" won't be mapped to Block RAM because address size (4) smaller than threshold (5)
INFO: [Synth 8-5544] ROM "gprbit_reg[8]" won't be mapped to Block RAM because address size (4) smaller than threshold (5)
INFO: [Synth 8-5544] ROM "gprbit_reg[7]" won't be mapped to Block RAM because address size (4) smaller than threshold (5)
INFO: [Synth 8-5544] ROM "gprbit_reg[6]" won't be mapped to Block RAM because address size (4) smaller than threshold (5)
INFO: [Synth 8-5544] ROM "gprbit_reg[5]" won't be mapped to Block RAM because address size (4) smaller than threshold (5)
INFO: [Synth 8-5544] ROM "gprbit_reg[4]" won't be mapped to Block RAM because address size (4) smaller than threshold (5)
INFO: [Synth 8-5544] ROM "gprbit_reg[3]" won't be mapped to Block RAM because address size (4) smaller than threshold (5)
INFO: [Synth 8-5544] ROM "gprbit_reg[2]" won't be mapped to Block RAM because address size (4) smaller than threshold (5)
INFO: [Synth 8-5544] ROM "gprbit_reg[1]" won't be mapped to Block RAM because address size (4) smaller than threshold (5)
INFO: [Synth 8-5544] ROM "gprbit_reg[0]" won't be mapped to Block RAM because address size (4) smaller than threshold (5)
INFO: [Synth 8-5546] ROM "s_r0_b0" won't be mapped to RAM because it is too sparse
INFO: [Synth 8-5546] ROM "ov_o" won't be mapped to RAM because it is too sparse
INFO: [Synth 8-5546] ROM "ov_o" won't be mapped to RAM because it is too sparse
INFO: [Synth 8-5587] ROM size for "alu_cmd_o" is below threshold of ROM address width. It will be mapped to LUTs
INFO: [Synth 8-5587] ROM size for "addsub_o" is below threshold of ROM address width. It will be mapped to LUTs
INFO: [Synth 8-5818] HDL ADVISOR - The operator resource <adder> is shared. To prevent sharing consider applying a KEEP on the output of the operator [C:/Users/hafer/Desktop/VHDL/mc8051_basys3/hw/hdl/mc8051/addsub_cy_rtl.vhd:81]
---------------------------------------------------------------------------------
Finished RTL Optimization Phase 2 : Time (s): cpu = 00:00:10 ; elapsed = 00:00:21 . Memory (MB): peak = 634.574 ; gain = 428.098
---------------------------------------------------------------------------------

Report RTL Partitions: 
+-+--------------+------------+----------+
| |RTL Partition |Replication |Instances |
+-+--------------+------------+----------+
+-+--------------+------------+----------+
---------------------------------------------------------------------------------
Start RTL Component Statistics 
---------------------------------------------------------------------------------
Detailed RTL Component Info : 
+---Adders : 
	   2 Input     16 Bit       Adders := 4     
	   2 Input      8 Bit       Adders := 6     
	   3 Input      8 Bit       Adders := 1     
	   3 Input      7 Bit       Adders := 1     
	   3 Input      6 Bit       Adders := 2     
	   2 Input      6 Bit       Adders := 2     
	   3 Input      5 Bit       Adders := 2     
	   2 Input      5 Bit       Adders := 4     
	   3 Input      4 Bit       Adders := 1     
	   2 Input      4 Bit       Adders := 3     
	   3 Input      3 Bit       Adders := 2     
	   2 Input      3 Bit       Adders := 1     
	   3 Input      2 Bit       Adders := 1     
	   3 Input      1 Bit       Adders := 1     
+---XORs : 
	   2 Input      8 Bit         XORs := 1     
	   8 Input      1 Bit         XORs := 1     
+---Registers : 
	               16 Bit    Registers := 2     
	               11 Bit    Registers := 1     
	                8 Bit    Registers := 56    
	                6 Bit    Registers := 2     
	                4 Bit    Registers := 4     
	                3 Bit    Registers := 1     
	                2 Bit    Registers := 3     
	                1 Bit    Registers := 52    
+---Muxes : 
	   4 Input     16 Bit        Muxes := 2     
	  10 Input     16 Bit        Muxes := 2     
	   8 Input     16 Bit        Muxes := 2     
	   4 Input     11 Bit        Muxes := 1     
	  11 Input     11 Bit        Muxes := 1     
	  10 Input     11 Bit        Muxes := 1     
	   9 Input     11 Bit        Muxes := 1     
	   2 Input      9 Bit        Muxes := 1     
	   9 Input      8 Bit        Muxes := 5     
	   2 Input      8 Bit        Muxes := 130   
	  12 Input      8 Bit        Muxes := 15    
	  30 Input      8 Bit        Muxes := 2     
	   7 Input      8 Bit        Muxes := 29    
	   3 Input      8 Bit        Muxes := 3     
	   8 Input      8 Bit        Muxes := 1     
	  24 Input      8 Bit        Muxes := 1     
	   5 Input      8 Bit        Muxes := 1     
	   4 Input      8 Bit        Muxes := 7     
	  14 Input      8 Bit        Muxes := 5     
	  13 Input      8 Bit        Muxes := 1     
	   7 Input      7 Bit        Muxes := 2     
	   2 Input      7 Bit        Muxes := 47    
	   3 Input      7 Bit        Muxes := 3     
	  17 Input      7 Bit        Muxes := 1     
	   4 Input      7 Bit        Muxes := 1     
	  12 Input      7 Bit        Muxes := 1     
	   9 Input      7 Bit        Muxes := 1     
	   8 Input      7 Bit        Muxes := 1     
	  24 Input      7 Bit        Muxes := 1     
	   2 Input      6 Bit        Muxes := 40    
	   3 Input      6 Bit        Muxes := 16    
	   4 Input      6 Bit        Muxes := 14    
	   5 Input      6 Bit        Muxes := 1     
	 112 Input      6 Bit        Muxes := 1     
	  17 Input      5 Bit        Muxes := 1     
	 112 Input      5 Bit        Muxes := 2     
	   2 Input      5 Bit        Muxes := 3     
	  12 Input      4 Bit        Muxes := 1     
	   9 Input      4 Bit        Muxes := 2     
	   2 Input      4 Bit        Muxes := 68    
	   3 Input      4 Bit        Muxes := 17    
	 112 Input      4 Bit        Muxes := 4     
	   4 Input      4 Bit        Muxes := 1     
	   6 Input      4 Bit        Muxes := 1     
	   5 Input      4 Bit        Muxes := 1     
	  20 Input      4 Bit        Muxes := 1     
	  19 Input      4 Bit        Muxes := 1     
	   7 Input      3 Bit        Muxes := 1     
	   8 Input      3 Bit        Muxes := 1     
	   2 Input      3 Bit        Muxes := 65    
	   3 Input      3 Bit        Muxes := 9     
	   4 Input      3 Bit        Muxes := 5     
	   5 Input      3 Bit        Muxes := 3     
	   6 Input      3 Bit        Muxes := 5     
	 112 Input      3 Bit        Muxes := 1     
	  24 Input      3 Bit        Muxes := 1     
	  10 Input      3 Bit        Muxes := 2     
	   3 Input      2 Bit        Muxes := 11    
	   2 Input      2 Bit        Muxes := 33    
	   4 Input      2 Bit        Muxes := 11    
	   5 Input      2 Bit        Muxes := 7     
	 112 Input      2 Bit        Muxes := 2     
	   6 Input      2 Bit        Muxes := 1     
	  19 Input      2 Bit        Muxes := 1     
	  14 Input      2 Bit        Muxes := 2     
	  10 Input      2 Bit        Muxes := 3     
	  13 Input      2 Bit        Muxes := 2     
	  12 Input      2 Bit        Muxes := 1     
	  11 Input      2 Bit        Muxes := 2     
	   9 Input      2 Bit        Muxes := 1     
	   2 Input      1 Bit        Muxes := 137   
	   3 Input      1 Bit        Muxes := 34    
	   4 Input      1 Bit        Muxes := 28    
	 112 Input      1 Bit        Muxes := 4     
	   5 Input      1 Bit        Muxes := 2     
	   7 Input      1 Bit        Muxes := 21    
	   6 Input      1 Bit        Muxes := 1     
	   8 Input      1 Bit        Muxes := 1     
	   9 Input      1 Bit        Muxes := 5     
	  10 Input      1 Bit        Muxes := 10    
	  23 Input      1 Bit        Muxes := 16    
	  12 Input      1 Bit        Muxes := 6     
	  14 Input      1 Bit        Muxes := 2     
	  13 Input      1 Bit        Muxes := 8     
	  11 Input      1 Bit        Muxes := 10    
---------------------------------------------------------------------------------
Finished RTL Component Statistics 
---------------------------------------------------------------------------------
---------------------------------------------------------------------------------
Start RTL Hierarchical Component Statistics 
---------------------------------------------------------------------------------
Hierarchical RTL Component report 
Module control_fsm 
Detailed RTL Component Info : 
+---Muxes : 
	   7 Input      7 Bit        Muxes := 2     
	   2 Input      7 Bit        Muxes := 46    
	   3 Input      7 Bit        Muxes := 3     
	  17 Input      7 Bit        Muxes := 1     
	   4 Input      7 Bit        Muxes := 1     
	  12 Input      7 Bit        Muxes := 1     
	   9 Input      7 Bit        Muxes := 1     
	   8 Input      7 Bit        Muxes := 1     
	   2 Input      6 Bit        Muxes := 32    
	   3 Input      6 Bit        Muxes := 16    
	   4 Input      6 Bit        Muxes := 14    
	   5 Input      6 Bit        Muxes := 1     
	 112 Input      6 Bit        Muxes := 1     
	  17 Input      5 Bit        Muxes := 1     
	 112 Input      5 Bit        Muxes := 2     
	  12 Input      4 Bit        Muxes := 1     
	   9 Input      4 Bit        Muxes := 2     
	   2 Input      4 Bit        Muxes := 65    
	   3 Input      4 Bit        Muxes := 15    
	 112 Input      4 Bit        Muxes := 4     
	   4 Input      4 Bit        Muxes := 1     
	   6 Input      4 Bit        Muxes := 1     
	   5 Input      4 Bit        Muxes := 1     
	  20 Input      4 Bit        Muxes := 1     
	   7 Input      3 Bit        Muxes := 1     
	   8 Input      3 Bit        Muxes := 1     
	   2 Input      3 Bit        Muxes := 63    
	   3 Input      3 Bit        Muxes := 9     
	   4 Input      3 Bit        Muxes := 5     
	   5 Input      3 Bit        Muxes := 3     
	   6 Input      3 Bit        Muxes := 3     
	 112 Input      3 Bit        Muxes := 1     
	  24 Input      3 Bit        Muxes := 1     
	   3 Input      2 Bit        Muxes := 7     
	   2 Input      2 Bit        Muxes := 27    
	   4 Input      2 Bit        Muxes := 8     
	   5 Input      2 Bit        Muxes := 6     
	 112 Input      2 Bit        Muxes := 2     
	   2 Input      1 Bit        Muxes := 61    
	   3 Input      1 Bit        Muxes := 13    
	   4 Input      1 Bit        Muxes := 5     
	 112 Input      1 Bit        Muxes := 4     
	   5 Input      1 Bit        Muxes := 1     
Module control_mem 
Detailed RTL Component Info : 
+---Adders : 
	   2 Input     16 Bit       Adders := 4     
	   2 Input      8 Bit       Adders := 2     
+---XORs : 
	   8 Input      1 Bit         XORs := 1     
+---Registers : 
	               16 Bit    Registers := 2     
	                8 Bit    Registers := 50    
	                4 Bit    Registers := 1     
	                3 Bit    Registers := 1     
	                2 Bit    Registers := 1     
	                1 Bit    Registers := 26    
+---Muxes : 
	   4 Input     16 Bit        Muxes := 2     
	  10 Input     16 Bit        Muxes := 2     
	   8 Input     16 Bit        Muxes := 2     
	   9 Input      8 Bit        Muxes := 5     
	   2 Input      8 Bit        Muxes := 92    
	  12 Input      8 Bit        Muxes := 14    
	  30 Input      8 Bit        Muxes := 2     
	   7 Input      8 Bit        Muxes := 29    
	   3 Input      8 Bit        Muxes := 1     
	   8 Input      8 Bit        Muxes := 1     
	  24 Input      8 Bit        Muxes := 1     
	  24 Input      7 Bit        Muxes := 1     
	  10 Input      3 Bit        Muxes := 2     
	   7 Input      1 Bit        Muxes := 21    
	   2 Input      1 Bit        Muxes := 23    
	   3 Input      1 Bit        Muxes := 17    
	   4 Input      1 Bit        Muxes := 2     
	   5 Input      1 Bit        Muxes := 1     
	   6 Input      1 Bit        Muxes := 1     
	   8 Input      1 Bit        Muxes := 1     
	   9 Input      1 Bit        Muxes := 1     
	  10 Input      1 Bit        Muxes := 1     
	  23 Input      1 Bit        Muxes := 16    
	  12 Input      1 Bit        Muxes := 1     
Module alumux 
Detailed RTL Component Info : 
+---Muxes : 
	   5 Input      8 Bit        Muxes := 1     
	   2 Input      8 Bit        Muxes := 11    
	   3 Input      8 Bit        Muxes := 2     
	   4 Input      8 Bit        Muxes := 1     
	  14 Input      8 Bit        Muxes := 5     
	   2 Input      4 Bit        Muxes := 1     
	  19 Input      4 Bit        Muxes := 1     
	   6 Input      3 Bit        Muxes := 2     
	   5 Input      2 Bit        Muxes := 1     
	   2 Input      2 Bit        Muxes := 1     
	   6 Input      2 Bit        Muxes := 1     
	  19 Input      2 Bit        Muxes := 1     
	  14 Input      2 Bit        Muxes := 2     
	   2 Input      1 Bit        Muxes := 5     
	   4 Input      1 Bit        Muxes := 1     
	  14 Input      1 Bit        Muxes := 2     
Module alucore 
Detailed RTL Component Info : 
+---XORs : 
	   2 Input      8 Bit         XORs := 1     
+---Muxes : 
	   2 Input      8 Bit        Muxes := 1     
	  10 Input      2 Bit        Muxes := 1     
Module addsub_cy 
Detailed RTL Component Info : 
+---Adders : 
	   3 Input      6 Bit       Adders := 1     
+---Muxes : 
	   2 Input      6 Bit        Muxes := 1     
Module addsub_ovcy 
Detailed RTL Component Info : 
+---Adders : 
	   3 Input      5 Bit       Adders := 1     
	   2 Input      5 Bit       Adders := 1     
	   3 Input      3 Bit       Adders := 1     
	   2 Input      3 Bit       Adders := 1     
+---Muxes : 
	   2 Input      5 Bit        Muxes := 1     
	   2 Input      3 Bit        Muxes := 1     
	   2 Input      1 Bit        Muxes := 1     
Module comb_divider 
Detailed RTL Component Info : 
+---Adders : 
	   3 Input      8 Bit       Adders := 1     
	   3 Input      7 Bit       Adders := 1     
	   3 Input      6 Bit       Adders := 1     
	   3 Input      5 Bit       Adders := 1     
	   3 Input      4 Bit       Adders := 1     
	   3 Input      3 Bit       Adders := 1     
	   3 Input      2 Bit       Adders := 1     
	   3 Input      1 Bit       Adders := 1     
+---Muxes : 
	   2 Input      8 Bit        Muxes := 2     
	   2 Input      7 Bit        Muxes := 1     
	   2 Input      6 Bit        Muxes := 1     
	   2 Input      5 Bit        Muxes := 1     
	   2 Input      4 Bit        Muxes := 1     
	   2 Input      3 Bit        Muxes := 1     
	   2 Input      2 Bit        Muxes := 1     
Module dcml_adjust 
Detailed RTL Component Info : 
+---Adders : 
	   2 Input      5 Bit       Adders := 3     
+---Muxes : 
	   2 Input      9 Bit        Muxes := 1     
	   2 Input      5 Bit        Muxes := 1     
	   2 Input      2 Bit        Muxes := 1     
Module mc8051_siu 
Detailed RTL Component Info : 
+---Adders : 
	   2 Input      6 Bit       Adders := 2     
	   2 Input      4 Bit       Adders := 2     
+---Registers : 
	               11 Bit    Registers := 1     
	                8 Bit    Registers := 2     
	                6 Bit    Registers := 2     
	                4 Bit    Registers := 2     
	                1 Bit    Registers := 18    
+---Muxes : 
	   4 Input     11 Bit        Muxes := 1     
	  11 Input     11 Bit        Muxes := 1     
	  10 Input     11 Bit        Muxes := 1     
	   9 Input     11 Bit        Muxes := 1     
	   4 Input      8 Bit        Muxes := 2     
	  13 Input      8 Bit        Muxes := 1     
	  12 Input      8 Bit        Muxes := 1     
	   2 Input      6 Bit        Muxes := 6     
	   3 Input      4 Bit        Muxes := 2     
	   2 Input      2 Bit        Muxes := 3     
	  13 Input      2 Bit        Muxes := 2     
	   3 Input      2 Bit        Muxes := 4     
	  12 Input      2 Bit        Muxes := 1     
	   4 Input      2 Bit        Muxes := 3     
	  10 Input      2 Bit        Muxes := 2     
	  11 Input      2 Bit        Muxes := 2     
	   9 Input      2 Bit        Muxes := 1     
	   2 Input      1 Bit        Muxes := 17    
	   3 Input      1 Bit        Muxes := 4     
	   4 Input      1 Bit        Muxes := 14    
	  13 Input      1 Bit        Muxes := 8     
	  12 Input      1 Bit        Muxes := 5     
	  10 Input      1 Bit        Muxes := 9     
	   9 Input      1 Bit        Muxes := 4     
	  11 Input      1 Bit        Muxes := 10    
Module mc8051_tmrctr 
Detailed RTL Component Info : 
+---Adders : 
	   2 Input      8 Bit       Adders := 4     
	   2 Input      4 Bit       Adders := 1     
+---Registers : 
	                8 Bit    Registers := 4     
	                4 Bit    Registers := 1     
	                2 Bit    Registers := 2     
	                1 Bit    Registers := 8     
+---Muxes : 
	   4 Input      8 Bit        Muxes := 4     
	   2 Input      8 Bit        Muxes := 24    
	   2 Input      4 Bit        Muxes := 1     
	   2 Input      1 Bit        Muxes := 30    
	   4 Input      1 Bit        Muxes := 6     
---------------------------------------------------------------------------------
Finished RTL Hierarchical Component Statistics
---------------------------------------------------------------------------------
---------------------------------------------------------------------------------
Start Part Resource Summary
---------------------------------------------------------------------------------
Part Resources:
DSPs: 90 (col length:60)
BRAMs: 100 (col length: RAMB18 60 RAMB36 30)
---------------------------------------------------------------------------------
Finished Part Resource Summary
---------------------------------------------------------------------------------
Start Parallel Synthesis Optimization  : Time (s): cpu = 00:00:10 ; elapsed = 00:00:21 . Memory (MB): peak = 634.574 ; gain = 428.098
---------------------------------------------------------------------------------
Start Cross Boundary Optimization
---------------------------------------------------------------------------------
INFO: [Synth 8-5546] ROM "acc" won't be mapped to RAM because it is too sparse
INFO: [Synth 8-5546] ROM "ie" won't be mapped to RAM because it is too sparse
INFO: [Synth 8-5546] ROM "ip" won't be mapped to RAM because it is too sparse
INFO: [Synth 8-5546] ROM "b" won't be mapped to RAM because it is too sparse
INFO: [Synth 8-5546] ROM "dph" won't be mapped to RAM because it is too sparse
INFO: [Synth 8-5546] ROM "pcon" won't be mapped to RAM because it is too sparse
INFO: [Synth 8-5546] ROM "tmod[0]" won't be mapped to RAM because it is too sparse
INFO: [Synth 8-5546] ROM "tsel" won't be mapped to RAM because it is too sparse
INFO: [Synth 8-5546] ROM "ssel" won't be mapped to RAM because it is too sparse
INFO: [Synth 8-5546] ROM "dpl" won't be mapped to RAM because it is too sparse
INFO: [Synth 8-5546] ROM "p0" won't be mapped to RAM because it is too sparse
INFO: [Synth 8-5546] ROM "p1" won't be mapped to RAM because it is too sparse
INFO: [Synth 8-5546] ROM "p2" won't be mapped to RAM because it is too sparse
INFO: [Synth 8-5546] ROM "p3" won't be mapped to RAM because it is too sparse
INFO: [Synth 8-5546] ROM "all_trans_o" won't be mapped to RAM because it is too sparse
INFO: [Synth 8-5546] ROM "all_wt_en_o" won't be mapped to RAM because it is too sparse
INFO: [Synth 8-5546] ROM "i_alumux/ov_o" won't be mapped to RAM because it is too sparse
INFO: [Synth 8-5546] ROM "i_alumux/ov_o" won't be mapped to RAM because it is too sparse
WARNING: [Synth 8-3331] design control_fsm has unconnected port psw[6]
WARNING: [Synth 8-3331] design control_fsm has unconnected port psw[5]
WARNING: [Synth 8-3331] design control_fsm has unconnected port psw[4]
WARNING: [Synth 8-3331] design control_fsm has unconnected port psw[3]
WARNING: [Synth 8-3331] design control_fsm has unconnected port psw[2]
WARNING: [Synth 8-3331] design control_fsm has unconnected port psw[1]
WARNING: [Synth 8-3331] design control_fsm has unconnected port psw[0]
WARNING: [Synth 8-3331] design control_fsm has unconnected port ie[7]
WARNING: [Synth 8-3331] design control_fsm has unconnected port ie[6]
WARNING: [Synth 8-3331] design control_fsm has unconnected port ie[5]
WARNING: [Synth 8-3331] design control_fsm has unconnected port ip[7]
WARNING: [Synth 8-3331] design control_fsm has unconnected port ip[6]
WARNING: [Synth 8-3331] design control_fsm has unconnected port ip[5]
---------------------------------------------------------------------------------
Finished Cross Boundary Optimization : Time (s): cpu = 00:00:12 ; elapsed = 00:00:24 . Memory (MB): peak = 634.574 ; gain = 428.098
---------------------------------------------------------------------------------
Finished Parallel Reinference  : Time (s): cpu = 00:00:12 ; elapsed = 00:00:24 . Memory (MB): peak = 634.574 ; gain = 428.098

Report RTL Partitions: 
+-+--------------+------------+----------+
| |RTL Partition |Replication |Instances |
+-+--------------+------------+----------+
+-+--------------+------------+----------+
---------------------------------------------------------------------------------
Start Area Optimization
---------------------------------------------------------------------------------
INFO: [Synth 8-3333] propagating constant 0 across sequential element (\i_mc8051_top/i_mc8051_core /\gen_mc8051_tmrctr[0].i_mc8051_tmrctr /s_t1ff0_reg)
INFO: [Synth 8-3886] merging instance 'i_mc8051_top/i_mc8051_core/gen_mc8051_tmrctr[0].i_mc8051_tmrctr/s_int1_sync_reg[0]' (FDC) to 'i_mc8051_top/i_mc8051_core/gen_mc8051_tmrctr[0].i_mc8051_tmrctr/s_int0_sync_reg[0]'
INFO: [Synth 8-3333] propagating constant 0 across sequential element (\i_mc8051_top/i_mc8051_core /\gen_mc8051_siu[0].i_mc8051_siu /s_det_ff0_reg)
INFO: [Synth 8-3333] propagating constant 0 across sequential element (\i_mc8051_top/i_mc8051_core /\gen_mc8051_tmrctr[0].i_mc8051_tmrctr /s_t0ff0_reg)
INFO: [Synth 8-3886] merging instance 'i_mc8051_top/i_mc8051_core/i_mc8051_control/i_control_mem/s_int0_h1_reg[0]' (FDP) to 'i_mc8051_top/i_mc8051_core/i_mc8051_control/i_control_mem/s_int1_h1_reg[0]'
INFO: [Synth 8-3333] propagating constant 1 across sequential element (\i_mc8051_top/i_mc8051_core /\i_mc8051_control/i_control_mem /\s_int1_h1_reg[0] )
INFO: [Synth 8-3886] merging instance 'i_mc8051_top/i_mc8051_core/gen_mc8051_tmrctr[0].i_mc8051_tmrctr/s_t1ff1_reg' (FDCE) to 'i_mc8051_top/i_mc8051_core/gen_mc8051_tmrctr[0].i_mc8051_tmrctr/s_t1ff0_reg'
INFO: [Synth 8-3886] merging instance 'i_mc8051_top/i_mc8051_core/gen_mc8051_tmrctr[0].i_mc8051_tmrctr/s_int1_sync_reg[1]' (FDC) to 'i_mc8051_top/i_mc8051_core/gen_mc8051_tmrctr[0].i_mc8051_tmrctr/s_int0_sync_reg[1]'
INFO: [Synth 8-3333] propagating constant 0 across sequential element (\i_mc8051_top/i_mc8051_core /\gen_mc8051_siu[0].i_mc8051_siu /s_rxd_ff0_reg)
INFO: [Synth 8-3886] merging instance 'i_mc8051_top/i_mc8051_core/gen_mc8051_siu[0].i_mc8051_siu/s_rxd_ff1_reg' (FDCE) to 'i_mc8051_top/i_mc8051_core/gen_mc8051_siu[0].i_mc8051_siu/s_rxd_ff0_reg'
INFO: [Synth 8-3886] merging instance 'i_mc8051_top/i_mc8051_core/gen_mc8051_tmrctr[0].i_mc8051_tmrctr/s_t0ff1_reg' (FDCE) to 'i_mc8051_top/i_mc8051_core/gen_mc8051_tmrctr[0].i_mc8051_tmrctr/s_t0ff0_reg'
INFO: [Synth 8-3886] merging instance 'i_mc8051_top/i_mc8051_core/i_mc8051_control/i_control_mem/s_int0_h2_reg[0]' (FDP) to 'i_mc8051_top/i_mc8051_core/i_mc8051_control/i_control_mem/s_int1_h1_reg[0]'
INFO: [Synth 8-3886] merging instance 'i_mc8051_top/i_mc8051_core/i_mc8051_control/i_control_mem/s_int1_h2_reg[0]' (FDP) to 'i_mc8051_top/i_mc8051_core/i_mc8051_control/i_control_mem/s_int1_h1_reg[0]'
INFO: [Synth 8-3886] merging instance 'i_mc8051_top/i_mc8051_core/i_mc8051_control/i_control_mem/s_int1_h3_reg[0]' (FDP) to 'i_mc8051_top/i_mc8051_core/i_mc8051_control/i_control_mem/s_int0_h3_reg[0]'
INFO: [Synth 8-3886] merging instance 'i_mc8051_top/i_mc8051_core/i_mc8051_control/i_control_mem/s_p3_reg[6]' (FDP) to 'i_mc8051_top/i_mc8051_core/i_mc8051_control/i_control_mem/s_p3_reg[7]'
INFO: [Synth 8-3886] merging instance 'i_mc8051_top/i_mc8051_core/i_mc8051_control/i_control_mem/s_p1_reg[6]' (FDP) to 'i_mc8051_top/i_mc8051_core/i_mc8051_control/i_control_mem/s_p3_reg[7]'
INFO: [Synth 8-3886] merging instance 'i_mc8051_top/i_mc8051_core/i_mc8051_control/i_control_mem/s_p2_reg[6]' (FDP) to 'i_mc8051_top/i_mc8051_core/i_mc8051_control/i_control_mem/s_p3_reg[7]'
INFO: [Synth 8-3886] merging instance 'i_mc8051_top/i_mc8051_core/i_mc8051_control/i_control_mem/s_p0_reg[6]' (FDP) to 'i_mc8051_top/i_mc8051_core/i_mc8051_control/i_control_mem/s_p3_reg[7]'
INFO: [Synth 8-3886] merging instance 'i_mc8051_top/i_mc8051_core/i_mc8051_control/i_control_mem/s_p3_reg[0]' (FDP) to 'i_mc8051_top/i_mc8051_core/i_mc8051_control/i_control_mem/s_p3_reg[7]'
INFO: [Synth 8-3886] merging instance 'i_mc8051_top/i_mc8051_core/i_mc8051_control/i_control_mem/s_p1_reg[0]' (FDP) to 'i_mc8051_top/i_mc8051_core/i_mc8051_control/i_control_mem/s_p3_reg[7]'
INFO: [Synth 8-3886] merging instance 'i_mc8051_top/i_mc8051_core/i_mc8051_control/i_control_mem/s_p2_reg[0]' (FDP) to 'i_mc8051_top/i_mc8051_core/i_mc8051_control/i_control_mem/s_p3_reg[7]'
INFO: [Synth 8-3886] merging instance 'i_mc8051_top/i_mc8051_core/i_mc8051_control/i_control_mem/s_p0_reg[0]' (FDP) to 'i_mc8051_top/i_mc8051_core/i_mc8051_control/i_control_mem/s_p3_reg[7]'
INFO: [Synth 8-3886] merging instance 'i_mc8051_top/i_mc8051_core/i_mc8051_control/i_control_mem/s_p3_reg[4]' (FDP) to 'i_mc8051_top/i_mc8051_core/i_mc8051_control/i_control_mem/s_p3_reg[7]'
INFO: [Synth 8-3886] merging instance 'i_mc8051_top/i_mc8051_core/i_mc8051_control/i_control_mem/s_p1_reg[4]' (FDP) to 'i_mc8051_top/i_mc8051_core/i_mc8051_control/i_control_mem/s_p3_reg[7]'
INFO: [Synth 8-3886] merging instance 'i_mc8051_top/i_mc8051_core/i_mc8051_control/i_control_mem/s_p2_reg[4]' (FDP) to 'i_mc8051_top/i_mc8051_core/i_mc8051_control/i_control_mem/s_p3_reg[7]'
INFO: [Synth 8-3886] merging instance 'i_mc8051_top/i_mc8051_core/i_mc8051_control/i_control_mem/s_p0_reg[4]' (FDP) to 'i_mc8051_top/i_mc8051_core/i_mc8051_control/i_control_mem/s_p3_reg[7]'
INFO: [Synth 8-3886] merging instance 'i_mc8051_top/i_mc8051_core/i_mc8051_control/i_control_mem/s_p3_reg[3]' (FDP) to 'i_mc8051_top/i_mc8051_core/i_mc8051_control/i_control_mem/s_p3_reg[7]'
INFO: [Synth 8-3886] merging instance 'i_mc8051_top/i_mc8051_core/i_mc8051_control/i_control_mem/s_p1_reg[3]' (FDP) to 'i_mc8051_top/i_mc8051_core/i_mc8051_control/i_control_mem/s_p3_reg[7]'
INFO: [Synth 8-3886] merging instance 'i_mc8051_top/i_mc8051_core/i_mc8051_control/i_control_mem/s_p2_reg[3]' (FDP) to 'i_mc8051_top/i_mc8051_core/i_mc8051_control/i_control_mem/s_p3_reg[7]'
INFO: [Synth 8-3886] merging instance 'i_mc8051_top/i_mc8051_core/i_mc8051_control/i_control_mem/s_p0_reg[3]' (FDP) to 'i_mc8051_top/i_mc8051_core/i_mc8051_control/i_control_mem/s_p3_reg[7]'
INFO: [Synth 8-3886] merging instance 'i_mc8051_top/i_mc8051_core/i_mc8051_control/i_control_mem/s_p3_reg[2]' (FDP) to 'i_mc8051_top/i_mc8051_core/i_mc8051_control/i_control_mem/s_p3_reg[7]'
INFO: [Synth 8-3886] merging instance 'i_mc8051_top/i_mc8051_core/i_mc8051_control/i_control_mem/s_p1_reg[2]' (FDP) to 'i_mc8051_top/i_mc8051_core/i_mc8051_control/i_control_mem/s_p3_reg[7]'
INFO: [Synth 8-3886] merging instance 'i_mc8051_top/i_mc8051_core/i_mc8051_control/i_control_mem/s_p2_reg[2]' (FDP) to 'i_mc8051_top/i_mc8051_core/i_mc8051_control/i_control_mem/s_p3_reg[7]'
INFO: [Synth 8-3886] merging instance 'i_mc8051_top/i_mc8051_core/i_mc8051_control/i_control_mem/s_p0_reg[2]' (FDP) to 'i_mc8051_top/i_mc8051_core/i_mc8051_control/i_control_mem/s_p3_reg[7]'
INFO: [Synth 8-3886] merging instance 'i_mc8051_top/i_mc8051_core/i_mc8051_control/i_control_mem/s_p3_reg[1]' (FDP) to 'i_mc8051_top/i_mc8051_core/i_mc8051_control/i_control_mem/s_p3_reg[7]'
INFO: [Synth 8-3886] merging instance 'i_mc8051_top/i_mc8051_core/i_mc8051_control/i_control_mem/s_p1_reg[1]' (FDP) to 'i_mc8051_top/i_mc8051_core/i_mc8051_control/i_control_mem/s_p3_reg[7]'
INFO: [Synth 8-3886] merging instance 'i_mc8051_top/i_mc8051_core/i_mc8051_control/i_control_mem/s_p2_reg[1]' (FDP) to 'i_mc8051_top/i_mc8051_core/i_mc8051_control/i_control_mem/s_p3_reg[7]'
INFO: [Synth 8-3886] merging instance 'i_mc8051_top/i_mc8051_core/i_mc8051_control/i_control_mem/s_p0_reg[1]' (FDP) to 'i_mc8051_top/i_mc8051_core/i_mc8051_control/i_control_mem/s_p3_reg[7]'
INFO: [Synth 8-3886] merging instance 'i_mc8051_top/i_mc8051_core/i_mc8051_control/i_control_mem/s_p3_reg[5]' (FDP) to 'i_mc8051_top/i_mc8051_core/i_mc8051_control/i_control_mem/s_p3_reg[7]'
INFO: [Synth 8-3886] merging instance 'i_mc8051_top/i_mc8051_core/i_mc8051_control/i_control_mem/s_p1_reg[5]' (FDP) to 'i_mc8051_top/i_mc8051_core/i_mc8051_control/i_control_mem/s_p3_reg[7]'
INFO: [Synth 8-3886] merging instance 'i_mc8051_top/i_mc8051_core/i_mc8051_control/i_control_mem/s_p2_reg[5]' (FDP) to 'i_mc8051_top/i_mc8051_core/i_mc8051_control/i_control_mem/s_p3_reg[7]'
INFO: [Synth 8-3886] merging instance 'i_mc8051_top/i_mc8051_core/i_mc8051_control/i_control_mem/s_p0_reg[5]' (FDP) to 'i_mc8051_top/i_mc8051_core/i_mc8051_control/i_control_mem/s_p3_reg[7]'
INFO: [Synth 8-3886] merging instance 'i_mc8051_top/i_mc8051_core/i_mc8051_control/i_control_mem/s_p3_reg[7]' (FDP) to 'i_mc8051_top/i_mc8051_core/i_mc8051_control/i_control_mem/s_p2_reg[7]'
INFO: [Synth 8-3886] merging instance 'i_mc8051_top/i_mc8051_core/i_mc8051_control/i_control_mem/s_p1_reg[7]' (FDP) to 'i_mc8051_top/i_mc8051_core/i_mc8051_control/i_control_mem/s_p2_reg[7]'
INFO: [Synth 8-3886] merging instance 'i_mc8051_top/i_mc8051_core/i_mc8051_control/i_control_mem/s_p2_reg[7]' (FDP) to 'i_mc8051_top/i_mc8051_core/i_mc8051_control/i_control_mem/s_p0_reg[7]'
INFO: [Synth 8-3333] propagating constant 0 across sequential element (\i_mc8051_top/i_mc8051_core /\gen_mc8051_tmrctr[0].i_mc8051_tmrctr /s_t1ff0_reg)
INFO: [Synth 8-3886] merging instance 'i_mc8051_top/i_mc8051_core/gen_mc8051_tmrctr[0].i_mc8051_tmrctr/s_t1ff2_reg' (FDCE) to 'i_mc8051_top/i_mc8051_core/gen_mc8051_tmrctr[0].i_mc8051_tmrctr/s_t1ff0_reg'
INFO: [Synth 8-3333] propagating constant 0 across sequential element (\i_mc8051_top/i_mc8051_core /\gen_mc8051_siu[0].i_mc8051_siu /s_rxd_ff0_reg)
INFO: [Synth 8-3886] merging instance 'i_mc8051_top/i_mc8051_core/gen_mc8051_siu[0].i_mc8051_siu/s_rxd_ff2_reg' (FDCE) to 'i_mc8051_top/i_mc8051_core/gen_mc8051_siu[0].i_mc8051_siu/s_rxd_ff0_reg'
INFO: [Synth 8-3333] propagating constant 0 across sequential element (\i_mc8051_top/i_mc8051_core /\gen_mc8051_tmrctr[0].i_mc8051_tmrctr /s_t0ff0_reg)
INFO: [Synth 8-3886] merging instance 'i_mc8051_top/i_mc8051_core/gen_mc8051_tmrctr[0].i_mc8051_tmrctr/s_t0ff2_reg' (FDCE) to 'i_mc8051_top/i_mc8051_core/gen_mc8051_tmrctr[0].i_mc8051_tmrctr/s_t0ff0_reg'
INFO: [Synth 8-3333] propagating constant 1 across sequential element (\i_mc8051_top/i_mc8051_core /\i_mc8051_control/i_control_mem /\s_int1_h1_reg[0] )
INFO: [Synth 8-3886] merging instance 'i_mc8051_top/i_mc8051_core/i_mc8051_control/i_control_mem/s_int0_h3_reg[0]' (FDP) to 'i_mc8051_top/i_mc8051_core/i_mc8051_control/i_control_mem/s_int1_h1_reg[0]'
INFO: [Synth 8-3886] merging instance 'i_mc8051_top/i_mc8051_core/gen_mc8051_siu[0].i_mc8051_siu/s_recv_sh_reg[7]' (FDCE) to 'i_mc8051_top/i_mc8051_core/gen_mc8051_siu[0].i_mc8051_siu/s_recv_sh_reg[6]'
INFO: [Synth 8-3333] propagating constant 0 across sequential element (\i_mc8051_top/i_mc8051_core /\gen_mc8051_siu[0].i_mc8051_siu /\s_recv_sh_reg[6] )
INFO: [Synth 8-3333] propagating constant 0 across sequential element (\i_mc8051_top/i_mc8051_core /\gen_mc8051_tmrctr[0].i_mc8051_tmrctr /s_t1ff0_reg)
INFO: [Synth 8-3333] propagating constant 0 across sequential element (\i_mc8051_top/i_mc8051_core /\gen_mc8051_tmrctr[0].i_mc8051_tmrctr /s_t0ff0_reg)
INFO: [Synth 8-3333] propagating constant 1 across sequential element (\i_mc8051_top/i_mc8051_core /\i_mc8051_control/i_control_mem /\s_int1_h1_reg[0] )
INFO: [Synth 8-3886] merging instance 'i_mc8051_top/i_mc8051_core/gen_mc8051_siu[0].i_mc8051_siu/s_recv_sh_reg[6]' (FDCE) to 'i_mc8051_top/i_mc8051_core/gen_mc8051_siu[0].i_mc8051_siu/s_recv_sh_reg[4]'
INFO: [Synth 8-3886] merging instance 'i_mc8051_top/i_mc8051_core/gen_mc8051_siu[0].i_mc8051_siu/s_recv_sh_reg[5]' (FDCE) to 'i_mc8051_top/i_mc8051_core/gen_mc8051_siu[0].i_mc8051_siu/s_recv_sh_reg[4]'
INFO: [Synth 8-3333] propagating constant 0 across sequential element (\i_mc8051_top/i_mc8051_core /\gen_mc8051_siu[0].i_mc8051_siu /\s_recv_sh_reg[4] )
INFO: [Synth 8-3886] merging instance 'i_mc8051_top/i_mc8051_core/gen_mc8051_siu[0].i_mc8051_siu/s_recv_sh_reg[4]' (FDCE) to 'i_mc8051_top/i_mc8051_core/gen_mc8051_siu[0].i_mc8051_siu/s_recv_sh_reg[1]'
INFO: [Synth 8-3886] merging instance 'i_mc8051_top/i_mc8051_core/gen_mc8051_siu[0].i_mc8051_siu/s_recv_sh_reg[3]' (FDCE) to 'i_mc8051_top/i_mc8051_core/gen_mc8051_siu[0].i_mc8051_siu/s_recv_sh_reg[1]'
INFO: [Synth 8-3886] merging instance 'i_mc8051_top/i_mc8051_core/gen_mc8051_siu[0].i_mc8051_siu/s_recv_sh_reg[2]' (FDCE) to 'i_mc8051_top/i_mc8051_core/gen_mc8051_siu[0].i_mc8051_siu/s_recv_sh_reg[1]'
INFO: [Synth 8-3333] propagating constant 0 across sequential element (\i_mc8051_top/i_mc8051_core /\gen_mc8051_siu[0].i_mc8051_siu /\s_recv_sh_reg[1] )
WARNING: [Synth 8-3332] Sequential element (s_p3_reg[6]) is unused and will be removed from module control_mem.
WARNING: [Synth 8-3332] Sequential element (s_ext0isrh_d_reg) is unused and will be removed from module control_mem.
WARNING: [Synth 8-3332] Sequential element (s_ext0isr_d_reg) is unused and will be removed from module control_mem.
WARNING: [Synth 8-3332] Sequential element (s_int0_h1_reg[0]) is unused and will be removed from module control_mem.
WARNING: [Synth 8-3332] Sequential element (s_int0_h2_reg[0]) is unused and will be removed from module control_mem.
WARNING: [Synth 8-3332] Sequential element (s_int0_h3_reg[0]) is unused and will be removed from module control_mem.
WARNING: [Synth 8-3332] Sequential element (s_ext1isrh_d_reg) is unused and will be removed from module control_mem.
WARNING: [Synth 8-3332] Sequential element (s_ext1isr_d_reg) is unused and will be removed from module control_mem.
WARNING: [Synth 8-3332] Sequential element (s_int1_h1_reg[0]) is unused and will be removed from module control_mem.
WARNING: [Synth 8-3332] Sequential element (s_int1_h2_reg[0]) is unused and will be removed from module control_mem.
WARNING: [Synth 8-3332] Sequential element (s_int1_h3_reg[0]) is unused and will be removed from module control_mem.
WARNING: [Synth 8-3332] Sequential element (p0_reg[7]) is unused and will be removed from module control_mem.
WARNING: [Synth 8-3332] Sequential element (p0_reg[6]) is unused and will be removed from module control_mem.
WARNING: [Synth 8-3332] Sequential element (p0_reg[5]) is unused and will be removed from module control_mem.
WARNING: [Synth 8-3332] Sequential element (p0_reg[4]) is unused and will be removed from module control_mem.
WARNING: [Synth 8-3332] Sequential element (p0_reg[3]) is unused and will be removed from module control_mem.
WARNING: [Synth 8-3332] Sequential element (p0_reg[2]) is unused and will be removed from module control_mem.
WARNING: [Synth 8-3332] Sequential element (p0_reg[1]) is unused and will be removed from module control_mem.
WARNING: [Synth 8-3332] Sequential element (p0_reg[0]) is unused and will be removed from module control_mem.
WARNING: [Synth 8-3332] Sequential element (p1_reg[7]) is unused and will be removed from module control_mem.
WARNING: [Synth 8-3332] Sequential element (p1_reg[6]) is unused and will be removed from module control_mem.
WARNING: [Synth 8-3332] Sequential element (p1_reg[5]) is unused and will be removed from module control_mem.
WARNING: [Synth 8-3332] Sequential element (p1_reg[4]) is unused and will be removed from module control_mem.
WARNING: [Synth 8-3332] Sequential element (p1_reg[3]) is unused and will be removed from module control_mem.
WARNING: [Synth 8-3332] Sequential element (p1_reg[2]) is unused and will be removed from module control_mem.
WARNING: [Synth 8-3332] Sequential element (p1_reg[1]) is unused and will be removed from module control_mem.
WARNING: [Synth 8-3332] Sequential element (p1_reg[0]) is unused and will be removed from module control_mem.
WARNING: [Synth 8-3332] Sequential element (p3_reg[7]) is unused and will be removed from module control_mem.
WARNING: [Synth 8-3332] Sequential element (p3_reg[6]) is unused and will be removed from module control_mem.
WARNING: [Synth 8-3332] Sequential element (p3_reg[5]) is unused and will be removed from module control_mem.
WARNING: [Synth 8-3332] Sequential element (p3_reg[4]) is unused and will be removed from module control_mem.
WARNING: [Synth 8-3332] Sequential element (p3_reg[3]) is unused and will be removed from module control_mem.
WARNING: [Synth 8-3332] Sequential element (p3_reg[2]) is unused and will be removed from module control_mem.
WARNING: [Synth 8-3332] Sequential element (p3_reg[1]) is unused and will be removed from module control_mem.
WARNING: [Synth 8-3332] Sequential element (p3_reg[0]) is unused and will be removed from module control_mem.
WARNING: [Synth 8-3332] Sequential element (sbuf_reg[0][7]) is unused and will be removed from module control_mem.
WARNING: [Synth 8-3332] Sequential element (sbuf_reg[0][6]) is unused and will be removed from module control_mem.
WARNING: [Synth 8-3332] Sequential element (sbuf_reg[0][5]) is unused and will be removed from module control_mem.
WARNING: [Synth 8-3332] Sequential element (sbuf_reg[0][4]) is unused and will be removed from module control_mem.
WARNING: [Synth 8-3332] Sequential element (sbuf_reg[0][3]) is unused and will be removed from module control_mem.
WARNING: [Synth 8-3332] Sequential element (sbuf_reg[0][2]) is unused and will be removed from module control_mem.
WARNING: [Synth 8-3332] Sequential element (sbuf_reg[0][1]) is unused and will be removed from module control_mem.
WARNING: [Synth 8-3332] Sequential element (sbuf_reg[0][0]) is unused and will be removed from module control_mem.
WARNING: [Synth 8-3332] Sequential element (s_p3_reg[7]) is unused and will be removed from module control_mem.
WARNING: [Synth 8-3332] Sequential element (s_p1_reg[6]) is unused and will be removed from module control_mem.
WARNING: [Synth 8-3332] Sequential element (s_p2_reg[6]) is unused and will be removed from module control_mem.
WARNING: [Synth 8-3332] Sequential element (s_p0_reg[6]) is unused and will be removed from module control_mem.
WARNING: [Synth 8-3332] Sequential element (s_p3_reg[0]) is unused and will be removed from module control_mem.
WARNING: [Synth 8-3332] Sequential element (s_p1_reg[0]) is unused and will be removed from module control_mem.
WARNING: [Synth 8-3332] Sequential element (s_p2_reg[0]) is unused and will be removed from module control_mem.
WARNING: [Synth 8-3332] Sequential element (s_p0_reg[0]) is unused and will be removed from module control_mem.
WARNING: [Synth 8-3332] Sequential element (s_p3_reg[4]) is unused and will be removed from module control_mem.
WARNING: [Synth 8-3332] Sequential element (s_p1_reg[4]) is unused and will be removed from module control_mem.
WARNING: [Synth 8-3332] Sequential element (s_p2_reg[4]) is unused and will be removed from module control_mem.
WARNING: [Synth 8-3332] Sequential element (s_p0_reg[4]) is unused and will be removed from module control_mem.
WARNING: [Synth 8-3332] Sequential element (s_p3_reg[3]) is unused and will be removed from module control_mem.
WARNING: [Synth 8-3332] Sequential element (s_p1_reg[3]) is unused and will be removed from module control_mem.
WARNING: [Synth 8-3332] Sequential element (s_p2_reg[3]) is unused and will be removed from module control_mem.
WARNING: [Synth 8-3332] Sequential element (s_p0_reg[3]) is unused and will be removed from module control_mem.
WARNING: [Synth 8-3332] Sequential element (s_p3_reg[2]) is unused and will be removed from module control_mem.
WARNING: [Synth 8-3332] Sequential element (s_p1_reg[2]) is unused and will be removed from module control_mem.
WARNING: [Synth 8-3332] Sequential element (s_p2_reg[2]) is unused and will be removed from module control_mem.
WARNING: [Synth 8-3332] Sequential element (s_p0_reg[2]) is unused and will be removed from module control_mem.
WARNING: [Synth 8-3332] Sequential element (s_p3_reg[1]) is unused and will be removed from module control_mem.
WARNING: [Synth 8-3332] Sequential element (s_p1_reg[1]) is unused and will be removed from module control_mem.
WARNING: [Synth 8-3332] Sequential element (s_p2_reg[1]) is unused and will be removed from module control_mem.
WARNING: [Synth 8-3332] Sequential element (s_p0_reg[1]) is unused and will be removed from module control_mem.
WARNING: [Synth 8-3332] Sequential element (s_p3_reg[5]) is unused and will be removed from module control_mem.
WARNING: [Synth 8-3332] Sequential element (s_p1_reg[5]) is unused and will be removed from module control_mem.
WARNING: [Synth 8-3332] Sequential element (s_p2_reg[5]) is unused and will be removed from module control_mem.
WARNING: [Synth 8-3332] Sequential element (s_p0_reg[5]) is unused and will be removed from module control_mem.
WARNING: [Synth 8-3332] Sequential element (s_p2_reg[7]) is unused and will be removed from module control_mem.
WARNING: [Synth 8-3332] Sequential element (s_p1_reg[7]) is unused and will be removed from module control_mem.
WARNING: [Synth 8-3332] Sequential element (s_det_ff0_reg) is unused and will be removed from module mc8051_siu.
WARNING: [Synth 8-3332] Sequential element (s_det_ff1_reg) is unused and will be removed from module mc8051_siu.
WARNING: [Synth 8-3332] Sequential element (s_rxd_ff0_reg) is unused and will be removed from module mc8051_siu.
WARNING: [Synth 8-3332] Sequential element (s_rxd_ff1_reg) is unused and will be removed from module mc8051_siu.
WARNING: [Synth 8-3332] Sequential element (s_rxd_ff2_reg) is unused and will be removed from module mc8051_siu.
WARNING: [Synth 8-3332] Sequential element (s_recv_sh_reg[7]) is unused and will be removed from module mc8051_siu.
WARNING: [Synth 8-3332] Sequential element (s_recv_sh_reg[6]) is unused and will be removed from module mc8051_siu.
WARNING: [Synth 8-3332] Sequential element (s_recv_sh_reg[5]) is unused and will be removed from module mc8051_siu.
WARNING: [Synth 8-3332] Sequential element (s_recv_sh_reg[4]) is unused and will be removed from module mc8051_siu.
WARNING: [Synth 8-3332] Sequential element (s_recv_sh_reg[3]) is unused and will be removed from module mc8051_siu.
WARNING: [Synth 8-3332] Sequential element (s_recv_sh_reg[2]) is unused and will be removed from module mc8051_siu.
WARNING: [Synth 8-3332] Sequential element (s_recv_sh_reg[1]) is unused and will be removed from module mc8051_siu.
WARNING: [Synth 8-3332] Sequential element (s_recv_sh_reg[0]) is unused and will be removed from module mc8051_siu.
WARNING: [Synth 8-3332] Sequential element (s_recv_buf_reg[7]) is unused and will be removed from module mc8051_siu.
WARNING: [Synth 8-3332] Sequential element (s_recv_buf_reg[6]) is unused and will be removed from module mc8051_siu.
WARNING: [Synth 8-3332] Sequential element (s_recv_buf_reg[5]) is unused and will be removed from module mc8051_siu.
WARNING: [Synth 8-3332] Sequential element (s_recv_buf_reg[4]) is unused and will be removed from module mc8051_siu.
WARNING: [Synth 8-3332] Sequential element (s_recv_buf_reg[3]) is unused and will be removed from module mc8051_siu.
WARNING: [Synth 8-3332] Sequential element (s_recv_buf_reg[2]) is unused and will be removed from module mc8051_siu.
WARNING: [Synth 8-3332] Sequential element (s_recv_buf_reg[1]) is unused and will be removed from module mc8051_siu.
WARNING: [Synth 8-3332] Sequential element (s_recv_buf_reg[0]) is unused and will be removed from module mc8051_siu.
WARNING: [Synth 8-3332] Sequential element (s_rb8_reg) is unused and will be removed from module mc8051_siu.
WARNING: [Synth 8-3332] Sequential element (rxdwr_o_reg) is unused and will be removed from module mc8051_siu.
WARNING: [Synth 8-3332] Sequential element (s_tran_sh_reg[10]) is unused and will be removed from module mc8051_siu.
WARNING: [Synth 8-3332] Sequential element (s_tran_sh_reg[9]) is unused and will be removed from module mc8051_siu.
WARNING: [Synth 8-3332] Sequential element (s_tran_sh_reg[8]) is unused and will be removed from module mc8051_siu.
WARNING: [Synth 8-3332] Sequential element (s_tran_sh_reg[7]) is unused and will be removed from module mc8051_siu.
INFO: [Common 17-14] Message 'Synth 8-3332' appears 100 times and further instances of the messages will be disabled. Use the Tcl command set_msg_config to change the current settings.
---------------------------------------------------------------------------------
Finished Area Optimization : Time (s): cpu = 00:00:36 ; elapsed = 00:01:10 . Memory (MB): peak = 634.574 ; gain = 428.098
---------------------------------------------------------------------------------
Finished Parallel Area Optimization  : Time (s): cpu = 00:00:36 ; elapsed = 00:01:10 . Memory (MB): peak = 634.574 ; gain = 428.098

Report RTL Partitions: 
+-+--------------+------------+----------+
| |RTL Partition |Replication |Instances |
+-+--------------+------------+----------+
+-+--------------+------------+----------+
---------------------------------------------------------------------------------
Start Timing Optimization
---------------------------------------------------------------------------------
---------------------------------------------------------------------------------
Start Applying XDC Timing Constraints
---------------------------------------------------------------------------------
INFO: [Synth 8-5578] Moved timing constraint from pin 'i_prescaler/clk_out1' to pin 'i_prescaler/bbstub_clk_out1/O'
INFO: [Synth 8-5820] Moved 1 constraints on hierarchical pins to their respective driving/loading pins
---------------------------------------------------------------------------------
Finished Applying XDC Timing Constraints : Time (s): cpu = 00:00:40 ; elapsed = 00:01:17 . Memory (MB): peak = 662.969 ; gain = 456.492
---------------------------------------------------------------------------------
---------------------------------------------------------------------------------
Finished Timing Optimization : Time (s): cpu = 00:00:47 ; elapsed = 00:01:30 . Memory (MB): peak = 785.398 ; gain = 578.922
---------------------------------------------------------------------------------

Report RTL Partitions: 
+-+--------------+------------+----------+
| |RTL Partition |Replication |Instances |
+-+--------------+------------+----------+
+-+--------------+------------+----------+
---------------------------------------------------------------------------------
Start Technology Mapping
---------------------------------------------------------------------------------
INFO: [Synth 8-3886] merging instance 'i_mc8051_top/i_mc8051_core/gen_mc8051_siu[0].i_mc8051_siu/s_ff0_reg' (FDC) to 'i_mc8051_top/i_mc8051_core/i_mc8051_control/i_control_mem/s_tf1_h1_reg[0]'
INFO: [Synth 8-3886] merging instance 'i_mc8051_top/i_mc8051_core/gen_mc8051_siu[0].i_mc8051_siu/s_ff1_reg' (FDC) to 'i_mc8051_top/i_mc8051_core/i_mc8051_control/i_control_mem/s_tf1_h2_reg[0]'
---------------------------------------------------------------------------------
Finished Technology Mapping : Time (s): cpu = 00:00:49 ; elapsed = 00:01:33 . Memory (MB): peak = 821.652 ; gain = 615.176
---------------------------------------------------------------------------------
Finished Parallel Technology Mapping Optimization  : Time (s): cpu = 00:00:49 ; elapsed = 00:01:33 . Memory (MB): peak = 821.652 ; gain = 615.176

Report RTL Partitions: 
+-+--------------+------------+----------+
| |RTL Partition |Replication |Instances |
+-+--------------+------------+----------+
+-+--------------+------------+----------+
Finished Parallel Synthesis Optimization  : Time (s): cpu = 00:00:49 ; elapsed = 00:01:33 . Memory (MB): peak = 821.652 ; gain = 615.176
---------------------------------------------------------------------------------
Start IO Insertion
---------------------------------------------------------------------------------
---------------------------------------------------------------------------------
Start Flattening Before IO Insertion
---------------------------------------------------------------------------------
---------------------------------------------------------------------------------
Finished Flattening Before IO Insertion
---------------------------------------------------------------------------------
---------------------------------------------------------------------------------
Start Final Netlist Cleanup
---------------------------------------------------------------------------------
---------------------------------------------------------------------------------
Finished Final Netlist Cleanup
---------------------------------------------------------------------------------
---------------------------------------------------------------------------------
Finished IO Insertion : Time (s): cpu = 00:00:49 ; elapsed = 00:01:34 . Memory (MB): peak = 821.652 ; gain = 615.176
---------------------------------------------------------------------------------

Report Check Netlist: 
+------+------------------+-------+---------+-------+------------------+
|      |Item              |Errors |Warnings |Status |Description       |
+------+------------------+-------+---------+-------+------------------+
|1     |multi_driven_nets |      0|        0|Passed |Multi driven nets |
+------+------------------+-------+---------+-------+------------------+
---------------------------------------------------------------------------------
Start Renaming Generated Instances
---------------------------------------------------------------------------------
---------------------------------------------------------------------------------
Finished Renaming Generated Instances : Time (s): cpu = 00:00:49 ; elapsed = 00:01:34 . Memory (MB): peak = 821.652 ; gain = 615.176
---------------------------------------------------------------------------------

Report RTL Partitions: 
+-+--------------+------------+----------+
| |RTL Partition |Replication |Instances |
+-+--------------+------------+----------+
+-+--------------+------------+----------+
---------------------------------------------------------------------------------
Start Rebuilding User Hierarchy
---------------------------------------------------------------------------------
---------------------------------------------------------------------------------
Finished Rebuilding User Hierarchy : Time (s): cpu = 00:00:49 ; elapsed = 00:01:34 . Memory (MB): peak = 821.652 ; gain = 615.176
---------------------------------------------------------------------------------
---------------------------------------------------------------------------------
Start Renaming Generated Ports
---------------------------------------------------------------------------------
---------------------------------------------------------------------------------
Finished Renaming Generated Ports : Time (s): cpu = 00:00:49 ; elapsed = 00:01:34 . Memory (MB): peak = 821.652 ; gain = 615.176
---------------------------------------------------------------------------------
---------------------------------------------------------------------------------
Start Handling Custom Attributes
---------------------------------------------------------------------------------
---------------------------------------------------------------------------------
Finished Handling Custom Attributes : Time (s): cpu = 00:00:49 ; elapsed = 00:01:34 . Memory (MB): peak = 821.652 ; gain = 615.176
---------------------------------------------------------------------------------
---------------------------------------------------------------------------------
Start Renaming Generated Nets
---------------------------------------------------------------------------------
---------------------------------------------------------------------------------
Finished Renaming Generated Nets : Time (s): cpu = 00:00:49 ; elapsed = 00:01:34 . Memory (MB): peak = 821.652 ; gain = 615.176
---------------------------------------------------------------------------------
---------------------------------------------------------------------------------
Start Writing Synthesis Report
---------------------------------------------------------------------------------

Report BlackBoxes: 
+------+--------------+----------+
|      |BlackBox name |Instances |
+------+--------------+----------+
|1     |prescaler     |         1|
|2     |mc8051_rom    |         1|
|3     |mc8051_ram    |         1|
+------+--------------+----------+

Report Cell Usage: 
+------+----------------+------+
|      |Cell            |Count |
+------+----------------+------+
|1     |mc8051_ram_bbox |     1|
|2     |mc8051_rom_bbox |     1|
|3     |prescaler_bbox  |     1|
|4     |CARRY4          |    40|
|5     |LUT1            |    59|
|6     |LUT2            |   197|
|7     |LUT3            |   166|
|8     |LUT4            |   215|
|9     |LUT5            |   414|
|10    |LUT6            |  1203|
|11    |MUXF7           |    85|
|12    |MUXF8           |    22|
|13    |FDCE            |   452|
|14    |FDPE            |    17|
|15    |IBUF            |     1|
|16    |OBUF            |     8|
+------+----------------+------+

Report Instance Areas: 
+------+---------------------------------------------+---------------+------+
|      |Instance                                     |Module         |Cells |
+------+---------------------------------------------+---------------+------+
|1     |top                                          |               |  2897|
|2     |  i_mc8051_top                               |mc8051_top     |  2872|
|3     |    i_mc8051_core                            |mc8051_core    |  2856|
|4     |      \gen_mc8051_siu[0].i_mc8051_siu        |mc8051_siu     |    99|
|5     |      \gen_mc8051_tmrctr[0].i_mc8051_tmrctr  |mc8051_tmrctr  |   101|
|6     |      i_mc8051_alu                           |mc8051_alu     |    30|
|7     |        \gen_divider1.i_comb_divider         |comb_divider   |    11|
|8     |        \gen_multiplier1.i_comb_mltplr       |comb_mltplr    |    18|
|9     |        i_alucore                            |alucore        |     1|
|10    |      i_mc8051_control                       |mc8051_control |  2626|
|11    |        i_control_mem                        |control_mem    |  2002|
+------+---------------------------------------------+---------------+------+
---------------------------------------------------------------------------------
Finished Writing Synthesis Report : Time (s): cpu = 00:00:49 ; elapsed = 00:01:34 . Memory (MB): peak = 821.652 ; gain = 615.176
---------------------------------------------------------------------------------
Synthesis finished with 0 errors, 0 critical warnings and 132 warnings.
Synthesis Optimization Runtime : Time (s): cpu = 00:00:43 ; elapsed = 00:01:26 . Memory (MB): peak = 821.652 ; gain = 324.871
Synthesis Optimization Complete : Time (s): cpu = 00:00:49 ; elapsed = 00:01:34 . Memory (MB): peak = 821.652 ; gain = 615.176
INFO: [Project 1-571] Translating synthesized netlist
INFO: [Netlist 29-17] Analyzing 41 Unisim elements for replacement
INFO: [Netlist 29-28] Unisim Transformation completed in 0 CPU seconds
INFO: [Project 1-570] Preparing netlist for logic optimization
INFO: [Opt 31-138] Pushed 1 inverter(s) to 8 load pin(s).
INFO: [Project 1-111] Unisim Transformation Summary:
No Unisim elements were transformed.

INFO: [Common 17-83] Releasing license: Synthesis
283 Infos, 138 Warnings, 0 Critical Warnings and 0 Errors encountered.
synth_design completed successfully
synth_design: Time (s): cpu = 00:00:51 ; elapsed = 00:01:33 . Memory (MB): peak = 821.652 ; gain = 615.176
report_utilization: Time (s): cpu = 00:00:00 ; elapsed = 00:00:00.023 . Memory (MB): peak = 821.652 ; gain = 0.000
INFO: [Common 17-206] Exiting Vivado at Mon Nov 13 07:56:55 2023...
