#-----------------------------------------------------------
# Vivado v2016.1 (64-bit)
# SW Build 1538259 on Fri Apr  8 15:45:27 MDT 2016
# IP Build 1537824 on Fri Apr  8 04:28:57 MDT 2016
# Start of session at: Mon Nov 13 07:50:34 2023
# Process ID: 18944
# Current directory: C:/Users/hafer/Desktop/VHDL/mc8051_basys3/hw/generate/artix7_xc7a35tcpg263_1/mc8051_rom/managed_ip_project
# Command line: vivado.exe -gui_launcher_event rodinguilauncherevent5772 C:\Users\hafer\Desktop\VHDL\mc8051_basys3\hw\generate\artix7_xc7a35tcpg263_1\mc8051_rom\managed_ip_project\managed_ip_project.xpr
# Log file: C:/Users/hafer/Desktop/VHDL/mc8051_basys3/hw/generate/artix7_xc7a35tcpg263_1/mc8051_rom/managed_ip_project/vivado.log
# Journal file: C:/Users/hafer/Desktop/VHDL/mc8051_basys3/hw/generate/artix7_xc7a35tcpg263_1/mc8051_rom/managed_ip_project\vivado.jou
#-----------------------------------------------------------
start_gui
open_project C:/Users/hafer/Desktop/VHDL/mc8051_basys3/hw/generate/artix7_xc7a35tcpg263_1/mc8051_rom/managed_ip_project/managed_ip_project.xpr
INFO: [ProjectBase 1-489] The host OS only allows 260 characters in a normal path. The project is stored in a path with more than 80 characters. If you experience issues with IP, Block Designs, or files not being found, please consider moving the project to a location with a shorter path. Alternately consider using the OS subst command to map part of the path to a drive letter.
Current project path is 'C:/Users/hafer/Desktop/VHDL/mc8051_basys3/hw/generate/artix7_xc7a35tcpg263_1/mc8051_rom/managed_ip_project'
Scanning sources...
Finished scanning sources
INFO: [IP_Flow 19-234] Refreshing IP repositories
INFO: [IP_Flow 19-1704] No user IP repositories specified
INFO: [IP_Flow 19-2313] Loaded Vivado IP repository 'C:/Xilinx/Vivado/2016.1/data/ip'.
open_project: Time (s): cpu = 00:00:04 ; elapsed = 00:00:06 . Memory (MB): peak = 807.023 ; gain = 111.957
INFO: [Device 21-403] Loading part xc7a35tcpg236-1
WARNING: [IP_Flow 19-4067] Ignoring invalid widget type specified checkbox.Providing a default widget
WARNING: [IP_Flow 19-4067] Ignoring invalid widget type specified checkbox.Providing a default widget
exit
INFO: [Common 17-206] Exiting Vivado at Mon Nov 13 08:52:26 2023...
